mode: set
github.com/xxrenzhe/autoads/services/siterank/internal/aievaluator/service.go:26.74,33.16 3 0
github.com/xxrenzhe/autoads/services/siterank/internal/aievaluator/service.go:33.16,35.3 1 0
github.com/xxrenzhe/autoads/services/siterank/internal/aievaluator/service.go:37.2,42.8 1 0
github.com/xxrenzhe/autoads/services/siterank/internal/aievaluator/service.go:46.33,47.21 1 0
github.com/xxrenzhe/autoads/services/siterank/internal/aievaluator/service.go:47.21,49.3 1 0
github.com/xxrenzhe/autoads/services/siterank/internal/aievaluator/service.go:50.2,50.12 1 0
github.com/xxrenzhe/autoads/services/siterank/internal/aievaluator/service.go:82.107,84.2 1 0
github.com/xxrenzhe/autoads/services/siterank/internal/aievaluator/service.go:87.132,94.53 4 0
github.com/xxrenzhe/autoads/services/siterank/internal/aievaluator/service.go:94.53,97.17 2 0
github.com/xxrenzhe/autoads/services/siterank/internal/aievaluator/service.go:97.17,101.36 2 0
github.com/xxrenzhe/autoads/services/siterank/internal/aievaluator/service.go:101.36,103.5 1 0
github.com/xxrenzhe/autoads/services/siterank/internal/aievaluator/service.go:106.4,106.28 1 0
github.com/xxrenzhe/autoads/services/siterank/internal/aievaluator/service.go:106.28,108.12 2 0
github.com/xxrenzhe/autoads/services/siterank/internal/aievaluator/service.go:109.32,110.14 1 0
github.com/xxrenzhe/autoads/services/siterank/internal/aievaluator/service.go:111.23,112.27 1 0
github.com/xxrenzhe/autoads/services/siterank/internal/aievaluator/service.go:115.4,115.12 1 0
github.com/xxrenzhe/autoads/services/siterank/internal/aievaluator/service.go:118.3,122.17 3 0
github.com/xxrenzhe/autoads/services/siterank/internal/aievaluator/service.go:122.17,126.68 2 0
github.com/xxrenzhe/autoads/services/siterank/internal/aievaluator/service.go:126.68,129.12 2 0
github.com/xxrenzhe/autoads/services/siterank/internal/aievaluator/service.go:130.32,131.14 1 0
github.com/xxrenzhe/autoads/services/siterank/internal/aievaluator/service.go:132.23,133.27 1 0
github.com/xxrenzhe/autoads/services/siterank/internal/aievaluator/service.go:138.4,138.23 1 0
github.com/xxrenzhe/autoads/services/siterank/internal/aievaluator/service.go:142.3,143.18 2 0
github.com/xxrenzhe/autoads/services/siterank/internal/aievaluator/service.go:143.18,145.4 1 0
github.com/xxrenzhe/autoads/services/siterank/internal/aievaluator/service.go:147.3,147.21 1 0
github.com/xxrenzhe/autoads/services/siterank/internal/aievaluator/service.go:151.2,152.78 2 0
github.com/xxrenzhe/autoads/services/siterank/internal/aievaluator/service.go:156.45,157.16 1 0
github.com/xxrenzhe/autoads/services/siterank/internal/aievaluator/service.go:157.16,159.3 1 0
github.com/xxrenzhe/autoads/services/siterank/internal/aievaluator/service.go:161.2,181.44 3 0
github.com/xxrenzhe/autoads/services/siterank/internal/aievaluator/service.go:181.44,182.40 1 0
github.com/xxrenzhe/autoads/services/siterank/internal/aievaluator/service.go:182.40,184.4 1 0
github.com/xxrenzhe/autoads/services/siterank/internal/aievaluator/service.go:187.2,187.14 1 0
github.com/xxrenzhe/autoads/services/siterank/internal/aievaluator/service.go:191.45,193.2 1 0
github.com/xxrenzhe/autoads/services/siterank/internal/aievaluator/service.go:196.41,198.2 1 0
github.com/xxrenzhe/autoads/services/siterank/internal/aievaluator/service.go:201.32,205.9 3 0
github.com/xxrenzhe/autoads/services/siterank/internal/aievaluator/service.go:206.34,207.83 1 0
github.com/xxrenzhe/autoads/services/siterank/internal/aievaluator/service.go:208.32,209.84 1 0
github.com/xxrenzhe/autoads/services/siterank/internal/aievaluator/service.go:210.18,211.60 1 0
github.com/xxrenzhe/autoads/services/siterank/internal/aievaluator/service.go:212.32,213.82 1 0
github.com/xxrenzhe/autoads/services/siterank/internal/aievaluator/service.go:214.32,215.76 1 0
github.com/xxrenzhe/autoads/services/siterank/internal/aievaluator/service.go:216.33,217.82 1 0
github.com/xxrenzhe/autoads/services/siterank/internal/aievaluator/service.go:218.10,219.35 1 0
github.com/xxrenzhe/autoads/services/siterank/internal/aievaluator/service.go:229.62,239.33 2 0
github.com/xxrenzhe/autoads/services/siterank/internal/aievaluator/service.go:239.33,243.45 2 0
github.com/xxrenzhe/autoads/services/siterank/internal/aievaluator/service.go:243.45,245.48 2 0
github.com/xxrenzhe/autoads/services/siterank/internal/aievaluator/service.go:245.48,247.5 1 0
github.com/xxrenzhe/autoads/services/siterank/internal/aievaluator/service.go:247.10,247.56 1 0
github.com/xxrenzhe/autoads/services/siterank/internal/aievaluator/service.go:247.56,249.5 1 0
github.com/xxrenzhe/autoads/services/siterank/internal/aievaluator/service.go:249.10,249.57 1 0
github.com/xxrenzhe/autoads/services/siterank/internal/aievaluator/service.go:249.57,251.5 1 0
github.com/xxrenzhe/autoads/services/siterank/internal/aievaluator/service.go:251.10,253.5 1 0
github.com/xxrenzhe/autoads/services/siterank/internal/aievaluator/service.go:256.3,256.86 1 0
github.com/xxrenzhe/autoads/services/siterank/internal/aievaluator/service.go:256.86,258.4 1 0
github.com/xxrenzhe/autoads/services/siterank/internal/aievaluator/service.go:261.3,261.46 1 0
github.com/xxrenzhe/autoads/services/siterank/internal/aievaluator/service.go:261.46,264.25 3 0
github.com/xxrenzhe/autoads/services/siterank/internal/aievaluator/service.go:264.25,266.5 1 0
github.com/xxrenzhe/autoads/services/siterank/internal/aievaluator/service.go:266.10,266.31 1 0
github.com/xxrenzhe/autoads/services/siterank/internal/aievaluator/service.go:266.31,268.5 1 0
github.com/xxrenzhe/autoads/services/siterank/internal/aievaluator/service.go:268.10,268.30 1 0
github.com/xxrenzhe/autoads/services/siterank/internal/aievaluator/service.go:268.30,270.5 1 0
github.com/xxrenzhe/autoads/services/siterank/internal/aievaluator/service.go:270.10,272.5 1 0
github.com/xxrenzhe/autoads/services/siterank/internal/aievaluator/service.go:276.3,276.49 1 0
github.com/xxrenzhe/autoads/services/siterank/internal/aievaluator/service.go:276.49,279.24 3 0
github.com/xxrenzhe/autoads/services/siterank/internal/aievaluator/service.go:279.24,281.5 1 0
github.com/xxrenzhe/autoads/services/siterank/internal/aievaluator/service.go:282.4,282.24 1 0
github.com/xxrenzhe/autoads/services/siterank/internal/aievaluator/service.go:282.24,284.5 1 0
github.com/xxrenzhe/autoads/services/siterank/internal/aievaluator/service.go:285.4,285.24 1 0
github.com/xxrenzhe/autoads/services/siterank/internal/aievaluator/service.go:285.24,287.5 1 0
github.com/xxrenzhe/autoads/services/siterank/internal/aievaluator/service.go:288.4,288.22 1 0
github.com/xxrenzhe/autoads/services/siterank/internal/aievaluator/service.go:288.22,290.5 1 0
github.com/xxrenzhe/autoads/services/siterank/internal/aievaluator/service.go:291.4,291.27 1 0
github.com/xxrenzhe/autoads/services/siterank/internal/aievaluator/service.go:291.27,293.5 1 0
github.com/xxrenzhe/autoads/services/siterank/internal/aievaluator/service.go:297.3,297.53 1 0
github.com/xxrenzhe/autoads/services/siterank/internal/aievaluator/service.go:297.53,299.66 2 0
github.com/xxrenzhe/autoads/services/siterank/internal/aievaluator/service.go:299.66,300.15 1 0
github.com/xxrenzhe/autoads/services/siterank/internal/aievaluator/service.go:300.15,301.11 1 0
github.com/xxrenzhe/autoads/services/siterank/internal/aievaluator/service.go:303.5,303.88 1 0
github.com/xxrenzhe/autoads/services/siterank/internal/aievaluator/service.go:308.3,308.52 1 0
github.com/xxrenzhe/autoads/services/siterank/internal/aievaluator/service.go:308.52,311.28 3 0
github.com/xxrenzhe/autoads/services/siterank/internal/aievaluator/service.go:311.28,314.24 3 0
github.com/xxrenzhe/autoads/services/siterank/internal/aievaluator/service.go:314.24,316.6 1 0
github.com/xxrenzhe/autoads/services/siterank/internal/aievaluator/service.go:316.11,316.31 1 0
github.com/xxrenzhe/autoads/services/siterank/internal/aievaluator/service.go:316.31,318.6 1 0
github.com/xxrenzhe/autoads/services/siterank/internal/aievaluator/service.go:318.11,318.31 1 0
github.com/xxrenzhe/autoads/services/siterank/internal/aievaluator/service.go:318.31,320.6 1 0
github.com/xxrenzhe/autoads/services/siterank/internal/aievaluator/service.go:320.11,322.6 1 0
github.com/xxrenzhe/autoads/services/siterank/internal/aievaluator/service.go:324.4,324.31 1 0
github.com/xxrenzhe/autoads/services/siterank/internal/aievaluator/service.go:324.31,326.30 2 0
github.com/xxrenzhe/autoads/services/siterank/internal/aievaluator/service.go:326.30,328.6 1 0
github.com/xxrenzhe/autoads/services/siterank/internal/aievaluator/service.go:328.11,328.37 1 0
github.com/xxrenzhe/autoads/services/siterank/internal/aievaluator/service.go:328.37,330.6 1 0
github.com/xxrenzhe/autoads/services/siterank/internal/aievaluator/service.go:330.11,332.6 1 0
github.com/xxrenzhe/autoads/services/siterank/internal/aievaluator/service.go:334.4,334.34 1 0
github.com/xxrenzhe/autoads/services/siterank/internal/aievaluator/service.go:334.34,337.23 3 0
github.com/xxrenzhe/autoads/services/siterank/internal/aievaluator/service.go:337.23,339.6 1 0
github.com/xxrenzhe/autoads/services/siterank/internal/aievaluator/service.go:339.11,339.29 1 0
github.com/xxrenzhe/autoads/services/siterank/internal/aievaluator/service.go:339.29,341.6 1 0
github.com/xxrenzhe/autoads/services/siterank/internal/aievaluator/service.go:341.11,343.6 1 0
github.com/xxrenzhe/autoads/services/siterank/internal/aievaluator/service.go:348.2,727.15 2 0
github.com/xxrenzhe/autoads/services/siterank/internal/aievaluator/service.go:731.85,748.16 8 0
github.com/xxrenzhe/autoads/services/siterank/internal/aievaluator/service.go:748.16,750.3 1 0
github.com/xxrenzhe/autoads/services/siterank/internal/aievaluator/service.go:752.2,752.46 1 0
github.com/xxrenzhe/autoads/services/siterank/internal/aievaluator/service.go:752.46,754.3 1 0
github.com/xxrenzhe/autoads/services/siterank/internal/aievaluator/service.go:757.2,757.31 1 0
github.com/xxrenzhe/autoads/services/siterank/internal/aievaluator/service.go:757.31,770.3 8 0
github.com/xxrenzhe/autoads/services/siterank/internal/aievaluator/service.go:773.2,774.67 2 0
github.com/xxrenzhe/autoads/services/siterank/internal/aievaluator/service.go:774.67,776.3 1 0
github.com/xxrenzhe/autoads/services/siterank/internal/aievaluator/service.go:779.2,780.47 2 0
github.com/xxrenzhe/autoads/services/siterank/internal/aievaluator/service.go:780.47,781.44 1 0
github.com/xxrenzhe/autoads/services/siterank/internal/aievaluator/service.go:781.44,783.4 1 0
github.com/xxrenzhe/autoads/services/siterank/internal/aievaluator/service.go:786.2,787.24 2 0
github.com/xxrenzhe/autoads/services/siterank/internal/aievaluator/service.go:787.24,789.3 1 0
github.com/xxrenzhe/autoads/services/siterank/internal/aievaluator/service.go:791.2,791.26 1 0
github.com/xxrenzhe/autoads/services/siterank/internal/aievaluator/service.go:795.85,798.66 2 0
github.com/xxrenzhe/autoads/services/siterank/internal/aievaluator/service.go:798.66,800.3 1 0
github.com/xxrenzhe/autoads/services/siterank/internal/aievaluator/service.go:803.2,803.72 1 0
github.com/xxrenzhe/autoads/services/siterank/internal/aievaluator/service.go:803.72,805.3 1 0
github.com/xxrenzhe/autoads/services/siterank/internal/aievaluator/service.go:807.2,807.30 1 0
github.com/xxrenzhe/autoads/services/siterank/internal/aievaluator/service.go:807.30,809.3 1 0
github.com/xxrenzhe/autoads/services/siterank/internal/aievaluator/service.go:811.2,811.21 1 0
github.com/xxrenzhe/autoads/services/siterank/internal/aievaluator/service.go:835.104,839.2 1 0
github.com/xxrenzhe/autoads/services/siterank/internal/brandextract/extractor.go:24.32,34.2 1 0
github.com/xxrenzhe/autoads/services/siterank/internal/brandextract/extractor.go:37.143,39.68 1 0
github.com/xxrenzhe/autoads/services/siterank/internal/brandextract/extractor.go:39.68,41.3 1 0
github.com/xxrenzhe/autoads/services/siterank/internal/brandextract/extractor.go:44.2,44.58 1 0
github.com/xxrenzhe/autoads/services/siterank/internal/brandextract/extractor.go:44.58,46.3 1 0
github.com/xxrenzhe/autoads/services/siterank/internal/brandextract/extractor.go:49.2,53.3 1 0
github.com/xxrenzhe/autoads/services/siterank/internal/brandextract/extractor.go:57.83,58.17 1 0
github.com/xxrenzhe/autoads/services/siterank/internal/brandextract/extractor.go:58.17,60.3 1 0
github.com/xxrenzhe/autoads/services/siterank/internal/brandextract/extractor.go:63.2,67.33 3 0
github.com/xxrenzhe/autoads/services/siterank/internal/brandextract/extractor.go:67.33,68.70 1 0
github.com/xxrenzhe/autoads/services/siterank/internal/brandextract/extractor.go:68.70,70.37 2 0
github.com/xxrenzhe/autoads/services/siterank/internal/brandextract/extractor.go:70.37,76.5 1 0
github.com/xxrenzhe/autoads/services/siterank/internal/brandextract/extractor.go:81.2,81.18 1 0
github.com/xxrenzhe/autoads/services/siterank/internal/brandextract/extractor.go:81.18,83.28 2 0
github.com/xxrenzhe/autoads/services/siterank/internal/brandextract/extractor.go:83.28,86.77 2 0
github.com/xxrenzhe/autoads/services/siterank/internal/brandextract/extractor.go:86.77,89.51 2 0
github.com/xxrenzhe/autoads/services/siterank/internal/brandextract/extractor.go:89.51,95.6 1 0
github.com/xxrenzhe/autoads/services/siterank/internal/brandextract/extractor.go:101.2,102.42 2 0
github.com/xxrenzhe/autoads/services/siterank/internal/brandextract/extractor.go:102.42,104.36 2 0
github.com/xxrenzhe/autoads/services/siterank/internal/brandextract/extractor.go:104.36,110.4 1 0
github.com/xxrenzhe/autoads/services/siterank/internal/brandextract/extractor.go:113.2,113.12 1 0
github.com/xxrenzhe/autoads/services/siterank/internal/brandextract/extractor.go:117.77,118.18 1 0
github.com/xxrenzhe/autoads/services/siterank/internal/brandextract/extractor.go:118.18,120.3 1 0
github.com/xxrenzhe/autoads/services/siterank/internal/brandextract/extractor.go:123.2,124.20 2 0
github.com/xxrenzhe/autoads/services/siterank/internal/brandextract/extractor.go:124.20,126.3 1 0
github.com/xxrenzhe/autoads/services/siterank/internal/brandextract/extractor.go:128.2,132.41 3 0
github.com/xxrenzhe/autoads/services/siterank/internal/brandextract/extractor.go:132.41,133.45 1 0
github.com/xxrenzhe/autoads/services/siterank/internal/brandextract/extractor.go:133.45,135.4 1 0
github.com/xxrenzhe/autoads/services/siterank/internal/brandextract/extractor.go:139.2,145.3 2 0
github.com/xxrenzhe/autoads/services/siterank/internal/brandextract/extractor.go:149.56,151.37 1 0
github.com/xxrenzhe/autoads/services/siterank/internal/brandextract/extractor.go:151.37,153.3 1 0
github.com/xxrenzhe/autoads/services/siterank/internal/brandextract/extractor.go:156.2,157.16 2 0
github.com/xxrenzhe/autoads/services/siterank/internal/brandextract/extractor.go:157.16,159.3 1 0
github.com/xxrenzhe/autoads/services/siterank/internal/brandextract/extractor.go:162.2,162.51 1 0
github.com/xxrenzhe/autoads/services/siterank/internal/brandextract/extractor.go:162.51,164.3 1 0
github.com/xxrenzhe/autoads/services/siterank/internal/brandextract/extractor.go:167.2,168.27 2 0
github.com/xxrenzhe/autoads/services/siterank/internal/brandextract/extractor.go:168.27,170.3 1 0
github.com/xxrenzhe/autoads/services/siterank/internal/brandextract/extractor.go:172.2,172.13 1 0
github.com/xxrenzhe/autoads/services/siterank/internal/brandextract/extractor.go:176.61,178.51 1 0
github.com/xxrenzhe/autoads/services/siterank/internal/brandextract/extractor.go:178.51,180.3 1 0
github.com/xxrenzhe/autoads/services/siterank/internal/brandextract/extractor.go:183.2,183.20 1 0
github.com/xxrenzhe/autoads/services/siterank/internal/brandextract/extractor.go:183.20,185.3 1 0
github.com/xxrenzhe/autoads/services/siterank/internal/brandextract/extractor.go:187.2,187.45 1 0
github.com/xxrenzhe/autoads/services/siterank/internal/brandextract/extractor.go:191.43,197.35 3 0
github.com/xxrenzhe/autoads/services/siterank/internal/brandextract/extractor.go:197.35,199.3 1 0
github.com/xxrenzhe/autoads/services/siterank/internal/brandextract/extractor.go:201.2,202.16 2 0
github.com/xxrenzhe/autoads/services/siterank/internal/brandextract/extractor.go:202.16,206.40 3 0
github.com/xxrenzhe/autoads/services/siterank/internal/brandextract/extractor.go:206.40,208.4 1 0
github.com/xxrenzhe/autoads/services/siterank/internal/brandextract/extractor.go:209.3,209.16 1 0
github.com/xxrenzhe/autoads/services/siterank/internal/brandextract/extractor.go:212.2,216.39 3 0
github.com/xxrenzhe/autoads/services/siterank/internal/brandextract/extractor.go:216.39,218.3 1 0
github.com/xxrenzhe/autoads/services/siterank/internal/brandextract/extractor.go:220.2,220.15 1 0
github.com/xxrenzhe/autoads/services/siterank/internal/billing/client.go:18.40,23.2 1 0
github.com/xxrenzhe/autoads/services/siterank/internal/billing/client.go:74.97,76.16 2 0
github.com/xxrenzhe/autoads/services/siterank/internal/billing/client.go:76.16,78.3 1 0
github.com/xxrenzhe/autoads/services/siterank/internal/billing/client.go:80.2,83.16 3 0
github.com/xxrenzhe/autoads/services/siterank/internal/billing/client.go:83.16,85.3 1 0
github.com/xxrenzhe/autoads/services/siterank/internal/billing/client.go:86.2,88.38 2 0
github.com/xxrenzhe/autoads/services/siterank/internal/billing/client.go:88.38,90.3 1 0
github.com/xxrenzhe/autoads/services/siterank/internal/billing/client.go:92.2,93.68 2 0
github.com/xxrenzhe/autoads/services/siterank/internal/billing/client.go:93.68,95.3 1 0
github.com/xxrenzhe/autoads/services/siterank/internal/billing/client.go:97.2,97.22 1 0
github.com/xxrenzhe/autoads/services/siterank/internal/billing/client.go:101.158,103.16 2 0
github.com/xxrenzhe/autoads/services/siterank/internal/billing/client.go:103.16,105.3 1 0
github.com/xxrenzhe/autoads/services/siterank/internal/billing/client.go:107.2,108.16 2 0
github.com/xxrenzhe/autoads/services/siterank/internal/billing/client.go:108.16,110.3 1 0
github.com/xxrenzhe/autoads/services/siterank/internal/billing/client.go:112.2,114.26 3 0
github.com/xxrenzhe/autoads/services/siterank/internal/billing/client.go:114.26,116.3 1 0
github.com/xxrenzhe/autoads/services/siterank/internal/billing/client.go:118.2,119.16 2 0
github.com/xxrenzhe/autoads/services/siterank/internal/billing/client.go:119.16,121.3 1 0
github.com/xxrenzhe/autoads/services/siterank/internal/billing/client.go:122.2,124.44 2 0
github.com/xxrenzhe/autoads/services/siterank/internal/billing/client.go:124.44,126.3 1 0
github.com/xxrenzhe/autoads/services/siterank/internal/billing/client.go:128.2,129.69 2 0
github.com/xxrenzhe/autoads/services/siterank/internal/billing/client.go:129.69,131.3 1 0
github.com/xxrenzhe/autoads/services/siterank/internal/billing/client.go:133.2,133.23 1 0
github.com/xxrenzhe/autoads/services/siterank/internal/billing/client.go:137.155,139.16 2 0
github.com/xxrenzhe/autoads/services/siterank/internal/billing/client.go:139.16,141.3 1 0
github.com/xxrenzhe/autoads/services/siterank/internal/billing/client.go:143.2,144.16 2 0
github.com/xxrenzhe/autoads/services/siterank/internal/billing/client.go:144.16,146.3 1 0
github.com/xxrenzhe/autoads/services/siterank/internal/billing/client.go:148.2,150.26 3 0
github.com/xxrenzhe/autoads/services/siterank/internal/billing/client.go:150.26,152.3 1 0
github.com/xxrenzhe/autoads/services/siterank/internal/billing/client.go:154.2,155.16 2 0
github.com/xxrenzhe/autoads/services/siterank/internal/billing/client.go:155.16,157.3 1 0
github.com/xxrenzhe/autoads/services/siterank/internal/billing/client.go:158.2,160.44 2 0
github.com/xxrenzhe/autoads/services/siterank/internal/billing/client.go:160.44,163.71 2 0
github.com/xxrenzhe/autoads/services/siterank/internal/billing/client.go:163.71,164.83 1 0
github.com/xxrenzhe/autoads/services/siterank/internal/billing/client.go:164.83,166.5 1 0
github.com/xxrenzhe/autoads/services/siterank/internal/billing/client.go:168.3,168.70 1 0
github.com/xxrenzhe/autoads/services/siterank/internal/billing/client.go:171.2,171.38 1 0
github.com/xxrenzhe/autoads/services/siterank/internal/billing/client.go:171.38,173.3 1 0
github.com/xxrenzhe/autoads/services/siterank/internal/billing/client.go:175.2,176.69 2 0
github.com/xxrenzhe/autoads/services/siterank/internal/billing/client.go:176.69,178.3 1 0
github.com/xxrenzhe/autoads/services/siterank/internal/billing/client.go:180.2,180.23 1 0
github.com/xxrenzhe/autoads/services/siterank/internal/billing/client.go:184.158,186.16 2 0
github.com/xxrenzhe/autoads/services/siterank/internal/billing/client.go:186.16,188.3 1 0
github.com/xxrenzhe/autoads/services/siterank/internal/billing/client.go:190.2,191.16 2 0
github.com/xxrenzhe/autoads/services/siterank/internal/billing/client.go:191.16,193.3 1 0
github.com/xxrenzhe/autoads/services/siterank/internal/billing/client.go:195.2,197.26 3 0
github.com/xxrenzhe/autoads/services/siterank/internal/billing/client.go:197.26,199.3 1 0
github.com/xxrenzhe/autoads/services/siterank/internal/billing/client.go:201.2,202.16 2 0
github.com/xxrenzhe/autoads/services/siterank/internal/billing/client.go:202.16,204.3 1 0
github.com/xxrenzhe/autoads/services/siterank/internal/billing/client.go:205.2,207.38 2 0
github.com/xxrenzhe/autoads/services/siterank/internal/billing/client.go:207.38,209.3 1 0
github.com/xxrenzhe/autoads/services/siterank/internal/billing/client.go:211.2,212.69 2 0
github.com/xxrenzhe/autoads/services/siterank/internal/billing/client.go:212.69,214.3 1 0
github.com/xxrenzhe/autoads/services/siterank/internal/billing/client.go:216.2,216.23 1 0
github.com/xxrenzhe/autoads/services/siterank/internal/billing/client.go:228.97,230.16 2 0
github.com/xxrenzhe/autoads/services/siterank/internal/billing/client.go:230.16,232.3 1 0
github.com/xxrenzhe/autoads/services/siterank/internal/billing/client.go:234.2,237.16 3 0
github.com/xxrenzhe/autoads/services/siterank/internal/billing/client.go:237.16,239.3 1 0
github.com/xxrenzhe/autoads/services/siterank/internal/billing/client.go:240.2,242.44 2 0
github.com/xxrenzhe/autoads/services/siterank/internal/billing/client.go:242.44,244.3 1 0
github.com/xxrenzhe/autoads/services/siterank/internal/billing/client.go:246.2,246.38 1 0
github.com/xxrenzhe/autoads/services/siterank/internal/billing/client.go:246.38,248.3 1 0
github.com/xxrenzhe/autoads/services/siterank/internal/billing/client.go:250.2,251.73 2 0
github.com/xxrenzhe/autoads/services/siterank/internal/billing/client.go:251.73,253.3 1 0
github.com/xxrenzhe/autoads/services/siterank/internal/billing/client.go:255.2,255.27 1 0
github.com/xxrenzhe/autoads/services/siterank/internal/browserexec/client.go:20.40,27.2 1 0
github.com/xxrenzhe/autoads/services/siterank/internal/browserexec/client.go:47.82,49.2 1 0
github.com/xxrenzhe/autoads/services/siterank/internal/browserexec/client.go:52.107,55.53 2 0
github.com/xxrenzhe/autoads/services/siterank/internal/browserexec/client.go:55.53,63.17 3 0
github.com/xxrenzhe/autoads/services/siterank/internal/browserexec/client.go:63.17,65.4 1 0
github.com/xxrenzhe/autoads/services/siterank/internal/browserexec/client.go:68.3,69.17 2 0
github.com/xxrenzhe/autoads/services/siterank/internal/browserexec/client.go:69.17,71.4 1 0
github.com/xxrenzhe/autoads/services/siterank/internal/browserexec/client.go:73.3,78.17 4 0
github.com/xxrenzhe/autoads/services/siterank/internal/browserexec/client.go:78.17,82.30 2 0
github.com/xxrenzhe/autoads/services/siterank/internal/browserexec/client.go:82.30,84.5 1 0
github.com/xxrenzhe/autoads/services/siterank/internal/browserexec/client.go:87.4,87.28 1 0
github.com/xxrenzhe/autoads/services/siterank/internal/browserexec/client.go:87.28,89.12 2 0
github.com/xxrenzhe/autoads/services/siterank/internal/browserexec/client.go:90.32,91.14 1 0
github.com/xxrenzhe/autoads/services/siterank/internal/browserexec/client.go:92.23,93.27 1 0
github.com/xxrenzhe/autoads/services/siterank/internal/browserexec/client.go:96.4,96.12 1 0
github.com/xxrenzhe/autoads/services/siterank/internal/browserexec/client.go:98.3,102.17 3 0
github.com/xxrenzhe/autoads/services/siterank/internal/browserexec/client.go:102.17,107.28 3 0
github.com/xxrenzhe/autoads/services/siterank/internal/browserexec/client.go:107.28,109.12 2 0
github.com/xxrenzhe/autoads/services/siterank/internal/browserexec/client.go:110.32,111.14 1 0
github.com/xxrenzhe/autoads/services/siterank/internal/browserexec/client.go:112.23,113.27 1 0
github.com/xxrenzhe/autoads/services/siterank/internal/browserexec/client.go:116.4,116.12 1 0
github.com/xxrenzhe/autoads/services/siterank/internal/browserexec/client.go:120.3,120.39 1 0
github.com/xxrenzhe/autoads/services/siterank/internal/browserexec/client.go:120.39,125.47 3 0
github.com/xxrenzhe/autoads/services/siterank/internal/browserexec/client.go:125.47,127.5 1 0
github.com/xxrenzhe/autoads/services/siterank/internal/browserexec/client.go:130.4,130.28 1 0
github.com/xxrenzhe/autoads/services/siterank/internal/browserexec/client.go:130.28,132.12 2 0
github.com/xxrenzhe/autoads/services/siterank/internal/browserexec/client.go:133.32,134.14 1 0
github.com/xxrenzhe/autoads/services/siterank/internal/browserexec/client.go:135.23,136.27 1 0
github.com/xxrenzhe/autoads/services/siterank/internal/browserexec/client.go:139.4,139.12 1 0
github.com/xxrenzhe/autoads/services/siterank/internal/browserexec/client.go:143.3,144.55 2 0
github.com/xxrenzhe/autoads/services/siterank/internal/browserexec/client.go:144.55,150.4 3 0
github.com/xxrenzhe/autoads/services/siterank/internal/browserexec/client.go:152.3,155.22 2 0
github.com/xxrenzhe/autoads/services/siterank/internal/browserexec/client.go:159.2,159.78 1 0
github.com/xxrenzhe/autoads/services/siterank/internal/browserexec/client.go:163.39,165.16 1 0
github.com/xxrenzhe/autoads/services/siterank/internal/browserexec/client.go:165.16,167.3 1 0
github.com/xxrenzhe/autoads/services/siterank/internal/browserexec/client.go:170.2,181.44 3 0
github.com/xxrenzhe/autoads/services/siterank/internal/browserexec/client.go:181.44,182.32 1 0
github.com/xxrenzhe/autoads/services/siterank/internal/browserexec/client.go:182.32,184.4 1 0
github.com/xxrenzhe/autoads/services/siterank/internal/browserexec/client.go:187.2,187.14 1 0
github.com/xxrenzhe/autoads/services/siterank/internal/browserexec/client.go:191.49,196.2 1 0
github.com/xxrenzhe/autoads/services/siterank/internal/browserexec/client.go:199.38,204.2 1 0
github.com/xxrenzhe/autoads/services/siterank/internal/browserexec/client.go:207.43,210.22 3 0
github.com/xxrenzhe/autoads/services/siterank/internal/browserexec/client.go:210.22,211.27 1 0
github.com/xxrenzhe/autoads/services/siterank/internal/browserexec/client.go:211.27,213.4 1 0
github.com/xxrenzhe/autoads/services/siterank/internal/browserexec/client.go:213.9,215.4 1 0
github.com/xxrenzhe/autoads/services/siterank/internal/browserexec/client.go:217.2,217.27 1 0
github.com/xxrenzhe/autoads/services/siterank/internal/browserexec/client.go:217.27,218.27 1 0
github.com/xxrenzhe/autoads/services/siterank/internal/browserexec/client.go:218.27,220.4 1 0
github.com/xxrenzhe/autoads/services/siterank/internal/browserexec/client.go:220.9,222.4 1 0
github.com/xxrenzhe/autoads/services/siterank/internal/browserexec/client.go:225.2,225.53 1 0
github.com/xxrenzhe/autoads/services/siterank/internal/browserexec/client.go:225.53,226.50 1 0
github.com/xxrenzhe/autoads/services/siterank/internal/browserexec/client.go:226.50,228.4 1 0
github.com/xxrenzhe/autoads/services/siterank/internal/browserexec/client.go:230.2,230.14 1 0
github.com/xxrenzhe/autoads/services/siterank/internal/browserexec/client.go:270.103,272.2 1 0
github.com/xxrenzhe/autoads/services/siterank/internal/browserexec/client.go:275.128,278.53 2 0
github.com/xxrenzhe/autoads/services/siterank/internal/browserexec/client.go:278.53,288.17 3 0
github.com/xxrenzhe/autoads/services/siterank/internal/browserexec/client.go:288.17,290.4 1 0
github.com/xxrenzhe/autoads/services/siterank/internal/browserexec/client.go:293.3,294.17 2 0
github.com/xxrenzhe/autoads/services/siterank/internal/browserexec/client.go:294.17,296.4 1 0
github.com/xxrenzhe/autoads/services/siterank/internal/browserexec/client.go:298.3,303.17 4 0
github.com/xxrenzhe/autoads/services/siterank/internal/browserexec/client.go:303.17,307.30 2 0
github.com/xxrenzhe/autoads/services/siterank/internal/browserexec/client.go:307.30,309.5 1 0
github.com/xxrenzhe/autoads/services/siterank/internal/browserexec/client.go:312.4,312.28 1 0
github.com/xxrenzhe/autoads/services/siterank/internal/browserexec/client.go:312.28,314.12 2 0
github.com/xxrenzhe/autoads/services/siterank/internal/browserexec/client.go:315.32,316.14 1 0
github.com/xxrenzhe/autoads/services/siterank/internal/browserexec/client.go:317.23,318.27 1 0
github.com/xxrenzhe/autoads/services/siterank/internal/browserexec/client.go:321.4,321.12 1 0
github.com/xxrenzhe/autoads/services/siterank/internal/browserexec/client.go:323.3,327.17 3 0
github.com/xxrenzhe/autoads/services/siterank/internal/browserexec/client.go:327.17,332.28 3 0
github.com/xxrenzhe/autoads/services/siterank/internal/browserexec/client.go:332.28,334.12 2 0
github.com/xxrenzhe/autoads/services/siterank/internal/browserexec/client.go:335.32,336.14 1 0
github.com/xxrenzhe/autoads/services/siterank/internal/browserexec/client.go:337.23,338.27 1 0
github.com/xxrenzhe/autoads/services/siterank/internal/browserexec/client.go:341.4,341.12 1 0
github.com/xxrenzhe/autoads/services/siterank/internal/browserexec/client.go:345.3,345.39 1 0
github.com/xxrenzhe/autoads/services/siterank/internal/browserexec/client.go:345.39,350.47 3 0
github.com/xxrenzhe/autoads/services/siterank/internal/browserexec/client.go:350.47,352.5 1 0
github.com/xxrenzhe/autoads/services/siterank/internal/browserexec/client.go:355.4,355.28 1 0
github.com/xxrenzhe/autoads/services/siterank/internal/browserexec/client.go:355.28,357.12 2 0
github.com/xxrenzhe/autoads/services/siterank/internal/browserexec/client.go:358.32,359.14 1 0
github.com/xxrenzhe/autoads/services/siterank/internal/browserexec/client.go:360.23,361.27 1 0
github.com/xxrenzhe/autoads/services/siterank/internal/browserexec/client.go:364.4,364.12 1 0
github.com/xxrenzhe/autoads/services/siterank/internal/browserexec/client.go:368.3,369.55 2 0
github.com/xxrenzhe/autoads/services/siterank/internal/browserexec/client.go:369.55,375.4 3 0
github.com/xxrenzhe/autoads/services/siterank/internal/browserexec/client.go:377.3,380.22 2 0
github.com/xxrenzhe/autoads/services/siterank/internal/browserexec/client.go:384.2,384.103 1 0
github.com/xxrenzhe/autoads/services/siterank/internal/aievaluator/service.go:26.74,33.16 3 0
github.com/xxrenzhe/autoads/services/siterank/internal/aievaluator/service.go:33.16,35.3 1 0
github.com/xxrenzhe/autoads/services/siterank/internal/aievaluator/service.go:37.2,42.8 1 0
github.com/xxrenzhe/autoads/services/siterank/internal/aievaluator/service.go:46.33,47.21 1 0
github.com/xxrenzhe/autoads/services/siterank/internal/aievaluator/service.go:47.21,49.3 1 0
github.com/xxrenzhe/autoads/services/siterank/internal/aievaluator/service.go:50.2,50.12 1 0
github.com/xxrenzhe/autoads/services/siterank/internal/aievaluator/service.go:82.107,84.2 1 0
github.com/xxrenzhe/autoads/services/siterank/internal/aievaluator/service.go:87.132,94.53 4 0
github.com/xxrenzhe/autoads/services/siterank/internal/aievaluator/service.go:94.53,97.17 2 0
github.com/xxrenzhe/autoads/services/siterank/internal/aievaluator/service.go:97.17,101.36 2 0
github.com/xxrenzhe/autoads/services/siterank/internal/aievaluator/service.go:101.36,103.5 1 0
github.com/xxrenzhe/autoads/services/siterank/internal/aievaluator/service.go:106.4,106.28 1 0
github.com/xxrenzhe/autoads/services/siterank/internal/aievaluator/service.go:106.28,108.12 2 0
github.com/xxrenzhe/autoads/services/siterank/internal/aievaluator/service.go:109.32,110.14 1 0
github.com/xxrenzhe/autoads/services/siterank/internal/aievaluator/service.go:111.23,112.27 1 0
github.com/xxrenzhe/autoads/services/siterank/internal/aievaluator/service.go:115.4,115.12 1 0
github.com/xxrenzhe/autoads/services/siterank/internal/aievaluator/service.go:118.3,122.17 3 0
github.com/xxrenzhe/autoads/services/siterank/internal/aievaluator/service.go:122.17,126.68 2 0
github.com/xxrenzhe/autoads/services/siterank/internal/aievaluator/service.go:126.68,129.12 2 0
github.com/xxrenzhe/autoads/services/siterank/internal/aievaluator/service.go:130.32,131.14 1 0
github.com/xxrenzhe/autoads/services/siterank/internal/aievaluator/service.go:132.23,133.27 1 0
github.com/xxrenzhe/autoads/services/siterank/internal/aievaluator/service.go:138.4,138.23 1 0
github.com/xxrenzhe/autoads/services/siterank/internal/aievaluator/service.go:142.3,143.18 2 0
github.com/xxrenzhe/autoads/services/siterank/internal/aievaluator/service.go:143.18,145.4 1 0
github.com/xxrenzhe/autoads/services/siterank/internal/aievaluator/service.go:147.3,147.21 1 0
github.com/xxrenzhe/autoads/services/siterank/internal/aievaluator/service.go:151.2,152.78 2 0
github.com/xxrenzhe/autoads/services/siterank/internal/aievaluator/service.go:156.45,157.16 1 0
github.com/xxrenzhe/autoads/services/siterank/internal/aievaluator/service.go:157.16,159.3 1 0
github.com/xxrenzhe/autoads/services/siterank/internal/aievaluator/service.go:161.2,181.44 3 0
github.com/xxrenzhe/autoads/services/siterank/internal/aievaluator/service.go:181.44,182.40 1 0
github.com/xxrenzhe/autoads/services/siterank/internal/aievaluator/service.go:182.40,184.4 1 0
github.com/xxrenzhe/autoads/services/siterank/internal/aievaluator/service.go:187.2,187.14 1 0
github.com/xxrenzhe/autoads/services/siterank/internal/aievaluator/service.go:191.45,193.2 1 0
github.com/xxrenzhe/autoads/services/siterank/internal/aievaluator/service.go:196.41,198.2 1 0
github.com/xxrenzhe/autoads/services/siterank/internal/aievaluator/service.go:201.32,205.9 3 0
github.com/xxrenzhe/autoads/services/siterank/internal/aievaluator/service.go:206.34,207.83 1 0
github.com/xxrenzhe/autoads/services/siterank/internal/aievaluator/service.go:208.32,209.84 1 0
github.com/xxrenzhe/autoads/services/siterank/internal/aievaluator/service.go:210.18,211.60 1 0
github.com/xxrenzhe/autoads/services/siterank/internal/aievaluator/service.go:212.32,213.82 1 0
github.com/xxrenzhe/autoads/services/siterank/internal/aievaluator/service.go:214.32,215.76 1 0
github.com/xxrenzhe/autoads/services/siterank/internal/aievaluator/service.go:216.33,217.82 1 0
github.com/xxrenzhe/autoads/services/siterank/internal/aievaluator/service.go:218.10,219.35 1 0
github.com/xxrenzhe/autoads/services/siterank/internal/aievaluator/service.go:229.62,239.33 2 0
github.com/xxrenzhe/autoads/services/siterank/internal/aievaluator/service.go:239.33,243.45 2 0
github.com/xxrenzhe/autoads/services/siterank/internal/aievaluator/service.go:243.45,245.48 2 0
github.com/xxrenzhe/autoads/services/siterank/internal/aievaluator/service.go:245.48,247.5 1 0
github.com/xxrenzhe/autoads/services/siterank/internal/aievaluator/service.go:247.10,247.56 1 0
github.com/xxrenzhe/autoads/services/siterank/internal/aievaluator/service.go:247.56,249.5 1 0
github.com/xxrenzhe/autoads/services/siterank/internal/aievaluator/service.go:249.10,249.57 1 0
github.com/xxrenzhe/autoads/services/siterank/internal/aievaluator/service.go:249.57,251.5 1 0
github.com/xxrenzhe/autoads/services/siterank/internal/aievaluator/service.go:251.10,253.5 1 0
github.com/xxrenzhe/autoads/services/siterank/internal/aievaluator/service.go:256.3,256.86 1 0
github.com/xxrenzhe/autoads/services/siterank/internal/aievaluator/service.go:256.86,258.4 1 0
github.com/xxrenzhe/autoads/services/siterank/internal/aievaluator/service.go:261.3,261.46 1 0
github.com/xxrenzhe/autoads/services/siterank/internal/aievaluator/service.go:261.46,264.25 3 0
github.com/xxrenzhe/autoads/services/siterank/internal/aievaluator/service.go:264.25,266.5 1 0
github.com/xxrenzhe/autoads/services/siterank/internal/aievaluator/service.go:266.10,266.31 1 0
github.com/xxrenzhe/autoads/services/siterank/internal/aievaluator/service.go:266.31,268.5 1 0
github.com/xxrenzhe/autoads/services/siterank/internal/aievaluator/service.go:268.10,268.30 1 0
github.com/xxrenzhe/autoads/services/siterank/internal/aievaluator/service.go:268.30,270.5 1 0
github.com/xxrenzhe/autoads/services/siterank/internal/aievaluator/service.go:270.10,272.5 1 0
github.com/xxrenzhe/autoads/services/siterank/internal/aievaluator/service.go:276.3,276.49 1 0
github.com/xxrenzhe/autoads/services/siterank/internal/aievaluator/service.go:276.49,279.24 3 0
github.com/xxrenzhe/autoads/services/siterank/internal/aievaluator/service.go:279.24,281.5 1 0
github.com/xxrenzhe/autoads/services/siterank/internal/aievaluator/service.go:282.4,282.24 1 0
github.com/xxrenzhe/autoads/services/siterank/internal/aievaluator/service.go:282.24,284.5 1 0
github.com/xxrenzhe/autoads/services/siterank/internal/aievaluator/service.go:285.4,285.24 1 0
github.com/xxrenzhe/autoads/services/siterank/internal/aievaluator/service.go:285.24,287.5 1 0
github.com/xxrenzhe/autoads/services/siterank/internal/aievaluator/service.go:288.4,288.22 1 0
github.com/xxrenzhe/autoads/services/siterank/internal/aievaluator/service.go:288.22,290.5 1 0
github.com/xxrenzhe/autoads/services/siterank/internal/aievaluator/service.go:291.4,291.27 1 0
github.com/xxrenzhe/autoads/services/siterank/internal/aievaluator/service.go:291.27,293.5 1 0
github.com/xxrenzhe/autoads/services/siterank/internal/aievaluator/service.go:297.3,297.53 1 0
github.com/xxrenzhe/autoads/services/siterank/internal/aievaluator/service.go:297.53,299.66 2 0
github.com/xxrenzhe/autoads/services/siterank/internal/aievaluator/service.go:299.66,300.15 1 0
github.com/xxrenzhe/autoads/services/siterank/internal/aievaluator/service.go:300.15,301.11 1 0
github.com/xxrenzhe/autoads/services/siterank/internal/aievaluator/service.go:303.5,303.88 1 0
github.com/xxrenzhe/autoads/services/siterank/internal/aievaluator/service.go:308.3,308.52 1 0
github.com/xxrenzhe/autoads/services/siterank/internal/aievaluator/service.go:308.52,311.28 3 0
github.com/xxrenzhe/autoads/services/siterank/internal/aievaluator/service.go:311.28,314.24 3 0
github.com/xxrenzhe/autoads/services/siterank/internal/aievaluator/service.go:314.24,316.6 1 0
github.com/xxrenzhe/autoads/services/siterank/internal/aievaluator/service.go:316.11,316.31 1 0
github.com/xxrenzhe/autoads/services/siterank/internal/aievaluator/service.go:316.31,318.6 1 0
github.com/xxrenzhe/autoads/services/siterank/internal/aievaluator/service.go:318.11,318.31 1 0
github.com/xxrenzhe/autoads/services/siterank/internal/aievaluator/service.go:318.31,320.6 1 0
github.com/xxrenzhe/autoads/services/siterank/internal/aievaluator/service.go:320.11,322.6 1 0
github.com/xxrenzhe/autoads/services/siterank/internal/aievaluator/service.go:324.4,324.31 1 0
github.com/xxrenzhe/autoads/services/siterank/internal/aievaluator/service.go:324.31,326.30 2 0
github.com/xxrenzhe/autoads/services/siterank/internal/aievaluator/service.go:326.30,328.6 1 0
github.com/xxrenzhe/autoads/services/siterank/internal/aievaluator/service.go:328.11,328.37 1 0
github.com/xxrenzhe/autoads/services/siterank/internal/aievaluator/service.go:328.37,330.6 1 0
github.com/xxrenzhe/autoads/services/siterank/internal/aievaluator/service.go:330.11,332.6 1 0
github.com/xxrenzhe/autoads/services/siterank/internal/aievaluator/service.go:334.4,334.34 1 0
github.com/xxrenzhe/autoads/services/siterank/internal/aievaluator/service.go:334.34,337.23 3 0
github.com/xxrenzhe/autoads/services/siterank/internal/aievaluator/service.go:337.23,339.6 1 0
github.com/xxrenzhe/autoads/services/siterank/internal/aievaluator/service.go:339.11,339.29 1 0
github.com/xxrenzhe/autoads/services/siterank/internal/aievaluator/service.go:339.29,341.6 1 0
github.com/xxrenzhe/autoads/services/siterank/internal/aievaluator/service.go:341.11,343.6 1 0
github.com/xxrenzhe/autoads/services/siterank/internal/aievaluator/service.go:348.2,727.15 2 0
github.com/xxrenzhe/autoads/services/siterank/internal/aievaluator/service.go:731.85,748.16 8 0
github.com/xxrenzhe/autoads/services/siterank/internal/aievaluator/service.go:748.16,750.3 1 0
github.com/xxrenzhe/autoads/services/siterank/internal/aievaluator/service.go:752.2,752.46 1 0
github.com/xxrenzhe/autoads/services/siterank/internal/aievaluator/service.go:752.46,754.3 1 0
github.com/xxrenzhe/autoads/services/siterank/internal/aievaluator/service.go:757.2,757.31 1 0
github.com/xxrenzhe/autoads/services/siterank/internal/aievaluator/service.go:757.31,770.3 8 0
github.com/xxrenzhe/autoads/services/siterank/internal/aievaluator/service.go:773.2,774.67 2 0
github.com/xxrenzhe/autoads/services/siterank/internal/aievaluator/service.go:774.67,776.3 1 0
github.com/xxrenzhe/autoads/services/siterank/internal/aievaluator/service.go:779.2,780.47 2 0
github.com/xxrenzhe/autoads/services/siterank/internal/aievaluator/service.go:780.47,781.44 1 0
github.com/xxrenzhe/autoads/services/siterank/internal/aievaluator/service.go:781.44,783.4 1 0
github.com/xxrenzhe/autoads/services/siterank/internal/aievaluator/service.go:786.2,787.24 2 0
github.com/xxrenzhe/autoads/services/siterank/internal/aievaluator/service.go:787.24,789.3 1 0
github.com/xxrenzhe/autoads/services/siterank/internal/aievaluator/service.go:791.2,791.26 1 0
github.com/xxrenzhe/autoads/services/siterank/internal/aievaluator/service.go:795.85,798.66 2 0
github.com/xxrenzhe/autoads/services/siterank/internal/aievaluator/service.go:798.66,800.3 1 0
github.com/xxrenzhe/autoads/services/siterank/internal/aievaluator/service.go:803.2,803.72 1 0
github.com/xxrenzhe/autoads/services/siterank/internal/aievaluator/service.go:803.72,805.3 1 0
github.com/xxrenzhe/autoads/services/siterank/internal/aievaluator/service.go:807.2,807.30 1 0
github.com/xxrenzhe/autoads/services/siterank/internal/aievaluator/service.go:807.30,809.3 1 0
github.com/xxrenzhe/autoads/services/siterank/internal/aievaluator/service.go:811.2,811.21 1 0
github.com/xxrenzhe/autoads/services/siterank/internal/aievaluator/service.go:835.104,839.2 1 0
github.com/xxrenzhe/autoads/services/siterank/internal/billing/client.go:18.40,23.2 1 0
github.com/xxrenzhe/autoads/services/siterank/internal/billing/client.go:74.97,76.16 2 0
github.com/xxrenzhe/autoads/services/siterank/internal/billing/client.go:76.16,78.3 1 0
github.com/xxrenzhe/autoads/services/siterank/internal/billing/client.go:80.2,83.16 3 0
github.com/xxrenzhe/autoads/services/siterank/internal/billing/client.go:83.16,85.3 1 0
github.com/xxrenzhe/autoads/services/siterank/internal/billing/client.go:86.2,88.38 2 0
github.com/xxrenzhe/autoads/services/siterank/internal/billing/client.go:88.38,90.3 1 0
github.com/xxrenzhe/autoads/services/siterank/internal/billing/client.go:92.2,93.68 2 0
github.com/xxrenzhe/autoads/services/siterank/internal/billing/client.go:93.68,95.3 1 0
github.com/xxrenzhe/autoads/services/siterank/internal/billing/client.go:97.2,97.22 1 0
github.com/xxrenzhe/autoads/services/siterank/internal/billing/client.go:101.158,103.16 2 0
github.com/xxrenzhe/autoads/services/siterank/internal/billing/client.go:103.16,105.3 1 0
github.com/xxrenzhe/autoads/services/siterank/internal/billing/client.go:107.2,108.16 2 0
github.com/xxrenzhe/autoads/services/siterank/internal/billing/client.go:108.16,110.3 1 0
github.com/xxrenzhe/autoads/services/siterank/internal/billing/client.go:112.2,114.26 3 0
github.com/xxrenzhe/autoads/services/siterank/internal/billing/client.go:114.26,116.3 1 0
github.com/xxrenzhe/autoads/services/siterank/internal/billing/client.go:118.2,119.16 2 0
github.com/xxrenzhe/autoads/services/siterank/internal/billing/client.go:119.16,121.3 1 0
github.com/xxrenzhe/autoads/services/siterank/internal/billing/client.go:122.2,124.44 2 0
github.com/xxrenzhe/autoads/services/siterank/internal/billing/client.go:124.44,126.3 1 0
github.com/xxrenzhe/autoads/services/siterank/internal/billing/client.go:128.2,129.69 2 0
github.com/xxrenzhe/autoads/services/siterank/internal/billing/client.go:129.69,131.3 1 0
github.com/xxrenzhe/autoads/services/siterank/internal/billing/client.go:133.2,133.23 1 0
github.com/xxrenzhe/autoads/services/siterank/internal/billing/client.go:137.155,139.16 2 0
github.com/xxrenzhe/autoads/services/siterank/internal/billing/client.go:139.16,141.3 1 0
github.com/xxrenzhe/autoads/services/siterank/internal/billing/client.go:143.2,144.16 2 0
github.com/xxrenzhe/autoads/services/siterank/internal/billing/client.go:144.16,146.3 1 0
github.com/xxrenzhe/autoads/services/siterank/internal/billing/client.go:148.2,150.26 3 0
github.com/xxrenzhe/autoads/services/siterank/internal/billing/client.go:150.26,152.3 1 0
github.com/xxrenzhe/autoads/services/siterank/internal/billing/client.go:154.2,155.16 2 0
github.com/xxrenzhe/autoads/services/siterank/internal/billing/client.go:155.16,157.3 1 0
github.com/xxrenzhe/autoads/services/siterank/internal/billing/client.go:158.2,160.44 2 0
github.com/xxrenzhe/autoads/services/siterank/internal/billing/client.go:160.44,163.71 2 0
github.com/xxrenzhe/autoads/services/siterank/internal/billing/client.go:163.71,164.83 1 0
github.com/xxrenzhe/autoads/services/siterank/internal/billing/client.go:164.83,166.5 1 0
github.com/xxrenzhe/autoads/services/siterank/internal/billing/client.go:168.3,168.70 1 0
github.com/xxrenzhe/autoads/services/siterank/internal/billing/client.go:171.2,171.38 1 0
github.com/xxrenzhe/autoads/services/siterank/internal/billing/client.go:171.38,173.3 1 0
github.com/xxrenzhe/autoads/services/siterank/internal/billing/client.go:175.2,176.69 2 0
github.com/xxrenzhe/autoads/services/siterank/internal/billing/client.go:176.69,178.3 1 0
github.com/xxrenzhe/autoads/services/siterank/internal/billing/client.go:180.2,180.23 1 0
github.com/xxrenzhe/autoads/services/siterank/internal/billing/client.go:184.158,186.16 2 0
github.com/xxrenzhe/autoads/services/siterank/internal/billing/client.go:186.16,188.3 1 0
github.com/xxrenzhe/autoads/services/siterank/internal/billing/client.go:190.2,191.16 2 0
github.com/xxrenzhe/autoads/services/siterank/internal/billing/client.go:191.16,193.3 1 0
github.com/xxrenzhe/autoads/services/siterank/internal/billing/client.go:195.2,197.26 3 0
github.com/xxrenzhe/autoads/services/siterank/internal/billing/client.go:197.26,199.3 1 0
github.com/xxrenzhe/autoads/services/siterank/internal/billing/client.go:201.2,202.16 2 0
github.com/xxrenzhe/autoads/services/siterank/internal/billing/client.go:202.16,204.3 1 0
github.com/xxrenzhe/autoads/services/siterank/internal/billing/client.go:205.2,207.38 2 0
github.com/xxrenzhe/autoads/services/siterank/internal/billing/client.go:207.38,209.3 1 0
github.com/xxrenzhe/autoads/services/siterank/internal/billing/client.go:211.2,212.69 2 0
github.com/xxrenzhe/autoads/services/siterank/internal/billing/client.go:212.69,214.3 1 0
github.com/xxrenzhe/autoads/services/siterank/internal/billing/client.go:216.2,216.23 1 0
github.com/xxrenzhe/autoads/services/siterank/internal/billing/client.go:228.97,230.16 2 0
github.com/xxrenzhe/autoads/services/siterank/internal/billing/client.go:230.16,232.3 1 0
github.com/xxrenzhe/autoads/services/siterank/internal/billing/client.go:234.2,237.16 3 0
github.com/xxrenzhe/autoads/services/siterank/internal/billing/client.go:237.16,239.3 1 0
github.com/xxrenzhe/autoads/services/siterank/internal/billing/client.go:240.2,242.44 2 0
github.com/xxrenzhe/autoads/services/siterank/internal/billing/client.go:242.44,244.3 1 0
github.com/xxrenzhe/autoads/services/siterank/internal/billing/client.go:246.2,246.38 1 0
github.com/xxrenzhe/autoads/services/siterank/internal/billing/client.go:246.38,248.3 1 0
github.com/xxrenzhe/autoads/services/siterank/internal/billing/client.go:250.2,251.73 2 0
github.com/xxrenzhe/autoads/services/siterank/internal/billing/client.go:251.73,253.3 1 0
github.com/xxrenzhe/autoads/services/siterank/internal/billing/client.go:255.2,255.27 1 0
github.com/xxrenzhe/autoads/services/siterank/internal/brandextract/extractor.go:24.32,34.2 1 0
github.com/xxrenzhe/autoads/services/siterank/internal/brandextract/extractor.go:37.143,39.68 1 0
github.com/xxrenzhe/autoads/services/siterank/internal/brandextract/extractor.go:39.68,41.3 1 0
github.com/xxrenzhe/autoads/services/siterank/internal/brandextract/extractor.go:44.2,44.58 1 0
github.com/xxrenzhe/autoads/services/siterank/internal/brandextract/extractor.go:44.58,46.3 1 0
github.com/xxrenzhe/autoads/services/siterank/internal/brandextract/extractor.go:49.2,53.3 1 0
github.com/xxrenzhe/autoads/services/siterank/internal/brandextract/extractor.go:57.83,58.17 1 0
github.com/xxrenzhe/autoads/services/siterank/internal/brandextract/extractor.go:58.17,60.3 1 0
github.com/xxrenzhe/autoads/services/siterank/internal/brandextract/extractor.go:63.2,67.33 3 0
github.com/xxrenzhe/autoads/services/siterank/internal/brandextract/extractor.go:67.33,68.70 1 0
github.com/xxrenzhe/autoads/services/siterank/internal/brandextract/extractor.go:68.70,70.37 2 0
github.com/xxrenzhe/autoads/services/siterank/internal/brandextract/extractor.go:70.37,76.5 1 0
github.com/xxrenzhe/autoads/services/siterank/internal/brandextract/extractor.go:81.2,81.18 1 0
github.com/xxrenzhe/autoads/services/siterank/internal/brandextract/extractor.go:81.18,83.28 2 0
github.com/xxrenzhe/autoads/services/siterank/internal/brandextract/extractor.go:83.28,86.77 2 0
github.com/xxrenzhe/autoads/services/siterank/internal/brandextract/extractor.go:86.77,89.51 2 0
github.com/xxrenzhe/autoads/services/siterank/internal/brandextract/extractor.go:89.51,95.6 1 0
github.com/xxrenzhe/autoads/services/siterank/internal/brandextract/extractor.go:101.2,102.42 2 0
github.com/xxrenzhe/autoads/services/siterank/internal/brandextract/extractor.go:102.42,104.36 2 0
github.com/xxrenzhe/autoads/services/siterank/internal/brandextract/extractor.go:104.36,110.4 1 0
github.com/xxrenzhe/autoads/services/siterank/internal/brandextract/extractor.go:113.2,113.12 1 0
github.com/xxrenzhe/autoads/services/siterank/internal/brandextract/extractor.go:117.77,118.18 1 0
github.com/xxrenzhe/autoads/services/siterank/internal/brandextract/extractor.go:118.18,120.3 1 0
github.com/xxrenzhe/autoads/services/siterank/internal/brandextract/extractor.go:123.2,124.20 2 0
github.com/xxrenzhe/autoads/services/siterank/internal/brandextract/extractor.go:124.20,126.3 1 0
github.com/xxrenzhe/autoads/services/siterank/internal/brandextract/extractor.go:128.2,132.41 3 0
github.com/xxrenzhe/autoads/services/siterank/internal/brandextract/extractor.go:132.41,133.45 1 0
github.com/xxrenzhe/autoads/services/siterank/internal/brandextract/extractor.go:133.45,135.4 1 0
github.com/xxrenzhe/autoads/services/siterank/internal/brandextract/extractor.go:139.2,145.3 2 0
github.com/xxrenzhe/autoads/services/siterank/internal/brandextract/extractor.go:149.56,151.37 1 0
github.com/xxrenzhe/autoads/services/siterank/internal/brandextract/extractor.go:151.37,153.3 1 0
github.com/xxrenzhe/autoads/services/siterank/internal/brandextract/extractor.go:156.2,157.16 2 0
github.com/xxrenzhe/autoads/services/siterank/internal/brandextract/extractor.go:157.16,159.3 1 0
github.com/xxrenzhe/autoads/services/siterank/internal/brandextract/extractor.go:162.2,162.51 1 0
github.com/xxrenzhe/autoads/services/siterank/internal/brandextract/extractor.go:162.51,164.3 1 0
github.com/xxrenzhe/autoads/services/siterank/internal/brandextract/extractor.go:167.2,168.27 2 0
github.com/xxrenzhe/autoads/services/siterank/internal/brandextract/extractor.go:168.27,170.3 1 0
github.com/xxrenzhe/autoads/services/siterank/internal/brandextract/extractor.go:172.2,172.13 1 0
github.com/xxrenzhe/autoads/services/siterank/internal/brandextract/extractor.go:176.61,178.51 1 0
github.com/xxrenzhe/autoads/services/siterank/internal/brandextract/extractor.go:178.51,180.3 1 0
github.com/xxrenzhe/autoads/services/siterank/internal/brandextract/extractor.go:183.2,183.20 1 0
github.com/xxrenzhe/autoads/services/siterank/internal/brandextract/extractor.go:183.20,185.3 1 0
github.com/xxrenzhe/autoads/services/siterank/internal/brandextract/extractor.go:187.2,187.45 1 0
github.com/xxrenzhe/autoads/services/siterank/internal/brandextract/extractor.go:191.43,197.35 3 0
github.com/xxrenzhe/autoads/services/siterank/internal/brandextract/extractor.go:197.35,199.3 1 0
github.com/xxrenzhe/autoads/services/siterank/internal/brandextract/extractor.go:201.2,202.16 2 0
github.com/xxrenzhe/autoads/services/siterank/internal/brandextract/extractor.go:202.16,206.40 3 0
github.com/xxrenzhe/autoads/services/siterank/internal/brandextract/extractor.go:206.40,208.4 1 0
github.com/xxrenzhe/autoads/services/siterank/internal/brandextract/extractor.go:209.3,209.16 1 0
github.com/xxrenzhe/autoads/services/siterank/internal/brandextract/extractor.go:212.2,216.39 3 0
github.com/xxrenzhe/autoads/services/siterank/internal/brandextract/extractor.go:216.39,218.3 1 0
github.com/xxrenzhe/autoads/services/siterank/internal/brandextract/extractor.go:220.2,220.15 1 0
github.com/xxrenzhe/autoads/services/siterank/internal/browserexec/client.go:20.40,27.2 1 0
github.com/xxrenzhe/autoads/services/siterank/internal/browserexec/client.go:47.82,49.2 1 0
github.com/xxrenzhe/autoads/services/siterank/internal/browserexec/client.go:52.107,55.53 2 0
github.com/xxrenzhe/autoads/services/siterank/internal/browserexec/client.go:55.53,63.17 3 0
github.com/xxrenzhe/autoads/services/siterank/internal/browserexec/client.go:63.17,65.4 1 0
github.com/xxrenzhe/autoads/services/siterank/internal/browserexec/client.go:68.3,69.17 2 0
github.com/xxrenzhe/autoads/services/siterank/internal/browserexec/client.go:69.17,71.4 1 0
github.com/xxrenzhe/autoads/services/siterank/internal/browserexec/client.go:73.3,78.17 4 0
github.com/xxrenzhe/autoads/services/siterank/internal/browserexec/client.go:78.17,82.30 2 0
github.com/xxrenzhe/autoads/services/siterank/internal/browserexec/client.go:82.30,84.5 1 0
github.com/xxrenzhe/autoads/services/siterank/internal/browserexec/client.go:87.4,87.28 1 0
github.com/xxrenzhe/autoads/services/siterank/internal/browserexec/client.go:87.28,89.12 2 0
github.com/xxrenzhe/autoads/services/siterank/internal/browserexec/client.go:90.32,91.14 1 0
github.com/xxrenzhe/autoads/services/siterank/internal/browserexec/client.go:92.23,93.27 1 0
github.com/xxrenzhe/autoads/services/siterank/internal/browserexec/client.go:96.4,96.12 1 0
github.com/xxrenzhe/autoads/services/siterank/internal/browserexec/client.go:98.3,102.17 3 0
github.com/xxrenzhe/autoads/services/siterank/internal/browserexec/client.go:102.17,107.28 3 0
github.com/xxrenzhe/autoads/services/siterank/internal/browserexec/client.go:107.28,109.12 2 0
github.com/xxrenzhe/autoads/services/siterank/internal/browserexec/client.go:110.32,111.14 1 0
github.com/xxrenzhe/autoads/services/siterank/internal/browserexec/client.go:112.23,113.27 1 0
github.com/xxrenzhe/autoads/services/siterank/internal/browserexec/client.go:116.4,116.12 1 0
github.com/xxrenzhe/autoads/services/siterank/internal/browserexec/client.go:120.3,120.39 1 0
github.com/xxrenzhe/autoads/services/siterank/internal/browserexec/client.go:120.39,125.47 3 0
github.com/xxrenzhe/autoads/services/siterank/internal/browserexec/client.go:125.47,127.5 1 0
github.com/xxrenzhe/autoads/services/siterank/internal/browserexec/client.go:130.4,130.28 1 0
github.com/xxrenzhe/autoads/services/siterank/internal/browserexec/client.go:130.28,132.12 2 0
github.com/xxrenzhe/autoads/services/siterank/internal/browserexec/client.go:133.32,134.14 1 0
github.com/xxrenzhe/autoads/services/siterank/internal/browserexec/client.go:135.23,136.27 1 0
github.com/xxrenzhe/autoads/services/siterank/internal/browserexec/client.go:139.4,139.12 1 0
github.com/xxrenzhe/autoads/services/siterank/internal/browserexec/client.go:143.3,144.55 2 0
github.com/xxrenzhe/autoads/services/siterank/internal/browserexec/client.go:144.55,150.4 3 0
github.com/xxrenzhe/autoads/services/siterank/internal/browserexec/client.go:152.3,155.22 2 0
github.com/xxrenzhe/autoads/services/siterank/internal/browserexec/client.go:159.2,159.78 1 0
github.com/xxrenzhe/autoads/services/siterank/internal/browserexec/client.go:163.39,165.16 1 0
github.com/xxrenzhe/autoads/services/siterank/internal/browserexec/client.go:165.16,167.3 1 0
github.com/xxrenzhe/autoads/services/siterank/internal/browserexec/client.go:170.2,181.44 3 0
github.com/xxrenzhe/autoads/services/siterank/internal/browserexec/client.go:181.44,182.32 1 0
github.com/xxrenzhe/autoads/services/siterank/internal/browserexec/client.go:182.32,184.4 1 0
github.com/xxrenzhe/autoads/services/siterank/internal/browserexec/client.go:187.2,187.14 1 0
github.com/xxrenzhe/autoads/services/siterank/internal/browserexec/client.go:191.49,196.2 1 0
github.com/xxrenzhe/autoads/services/siterank/internal/browserexec/client.go:199.38,204.2 1 0
github.com/xxrenzhe/autoads/services/siterank/internal/browserexec/client.go:207.43,210.22 3 0
github.com/xxrenzhe/autoads/services/siterank/internal/browserexec/client.go:210.22,211.27 1 0
github.com/xxrenzhe/autoads/services/siterank/internal/browserexec/client.go:211.27,213.4 1 0
github.com/xxrenzhe/autoads/services/siterank/internal/browserexec/client.go:213.9,215.4 1 0
github.com/xxrenzhe/autoads/services/siterank/internal/browserexec/client.go:217.2,217.27 1 0
github.com/xxrenzhe/autoads/services/siterank/internal/browserexec/client.go:217.27,218.27 1 0
github.com/xxrenzhe/autoads/services/siterank/internal/browserexec/client.go:218.27,220.4 1 0
github.com/xxrenzhe/autoads/services/siterank/internal/browserexec/client.go:220.9,222.4 1 0
github.com/xxrenzhe/autoads/services/siterank/internal/browserexec/client.go:225.2,225.53 1 0
github.com/xxrenzhe/autoads/services/siterank/internal/browserexec/client.go:225.53,226.50 1 0
github.com/xxrenzhe/autoads/services/siterank/internal/browserexec/client.go:226.50,228.4 1 0
github.com/xxrenzhe/autoads/services/siterank/internal/browserexec/client.go:230.2,230.14 1 0
github.com/xxrenzhe/autoads/services/siterank/internal/browserexec/client.go:270.103,272.2 1 0
github.com/xxrenzhe/autoads/services/siterank/internal/browserexec/client.go:275.128,278.53 2 0
github.com/xxrenzhe/autoads/services/siterank/internal/browserexec/client.go:278.53,288.17 3 0
github.com/xxrenzhe/autoads/services/siterank/internal/browserexec/client.go:288.17,290.4 1 0
github.com/xxrenzhe/autoads/services/siterank/internal/browserexec/client.go:293.3,294.17 2 0
github.com/xxrenzhe/autoads/services/siterank/internal/browserexec/client.go:294.17,296.4 1 0
github.com/xxrenzhe/autoads/services/siterank/internal/browserexec/client.go:298.3,303.17 4 0
github.com/xxrenzhe/autoads/services/siterank/internal/browserexec/client.go:303.17,307.30 2 0
github.com/xxrenzhe/autoads/services/siterank/internal/browserexec/client.go:307.30,309.5 1 0
github.com/xxrenzhe/autoads/services/siterank/internal/browserexec/client.go:312.4,312.28 1 0
github.com/xxrenzhe/autoads/services/siterank/internal/browserexec/client.go:312.28,314.12 2 0
github.com/xxrenzhe/autoads/services/siterank/internal/browserexec/client.go:315.32,316.14 1 0
github.com/xxrenzhe/autoads/services/siterank/internal/browserexec/client.go:317.23,318.27 1 0
github.com/xxrenzhe/autoads/services/siterank/internal/browserexec/client.go:321.4,321.12 1 0
github.com/xxrenzhe/autoads/services/siterank/internal/browserexec/client.go:323.3,327.17 3 0
github.com/xxrenzhe/autoads/services/siterank/internal/browserexec/client.go:327.17,332.28 3 0
github.com/xxrenzhe/autoads/services/siterank/internal/browserexec/client.go:332.28,334.12 2 0
github.com/xxrenzhe/autoads/services/siterank/internal/browserexec/client.go:335.32,336.14 1 0
github.com/xxrenzhe/autoads/services/siterank/internal/browserexec/client.go:337.23,338.27 1 0
github.com/xxrenzhe/autoads/services/siterank/internal/browserexec/client.go:341.4,341.12 1 0
github.com/xxrenzhe/autoads/services/siterank/internal/browserexec/client.go:345.3,345.39 1 0
github.com/xxrenzhe/autoads/services/siterank/internal/browserexec/client.go:345.39,350.47 3 0
github.com/xxrenzhe/autoads/services/siterank/internal/browserexec/client.go:350.47,352.5 1 0
github.com/xxrenzhe/autoads/services/siterank/internal/browserexec/client.go:355.4,355.28 1 0
github.com/xxrenzhe/autoads/services/siterank/internal/browserexec/client.go:355.28,357.12 2 0
github.com/xxrenzhe/autoads/services/siterank/internal/browserexec/client.go:358.32,359.14 1 0
github.com/xxrenzhe/autoads/services/siterank/internal/browserexec/client.go:360.23,361.27 1 0
github.com/xxrenzhe/autoads/services/siterank/internal/browserexec/client.go:364.4,364.12 1 0
github.com/xxrenzhe/autoads/services/siterank/internal/browserexec/client.go:368.3,369.55 2 0
github.com/xxrenzhe/autoads/services/siterank/internal/browserexec/client.go:369.55,375.4 3 0
github.com/xxrenzhe/autoads/services/siterank/internal/browserexec/client.go:377.3,380.22 2 0
github.com/xxrenzhe/autoads/services/siterank/internal/browserexec/client.go:384.2,384.103 1 0
github.com/xxrenzhe/autoads/services/siterank/internal/domain/siterank.go:19.72,29.2 2 1
github.com/xxrenzhe/autoads/services/siterank/internal/domain/siterank.go:32.36,35.2 2 1
github.com/xxrenzhe/autoads/services/siterank/internal/domain/siterank.go:38.52,42.2 3 1
github.com/xxrenzhe/autoads/services/siterank/internal/domain/siterank.go:45.35,48.2 2 1
github.com/xxrenzhe/autoads/services/siterank/internal/evaluation/aggregations.go:12.105,14.32 2 0
github.com/xxrenzhe/autoads/services/siterank/internal/evaluation/aggregations.go:14.32,16.3 1 0
github.com/xxrenzhe/autoads/services/siterank/internal/evaluation/aggregations.go:18.2,49.16 2 0
github.com/xxrenzhe/autoads/services/siterank/internal/evaluation/aggregations.go:49.16,53.3 2 0
github.com/xxrenzhe/autoads/services/siterank/internal/evaluation/aggregations.go:55.2,55.12 1 0
github.com/xxrenzhe/autoads/services/siterank/internal/evaluation/ai_evaluation.go:15.87,17.15 2 0
github.com/xxrenzhe/autoads/services/siterank/internal/evaluation/ai_evaluation.go:17.15,19.3 1 0
github.com/xxrenzhe/autoads/services/siterank/internal/evaluation/ai_evaluation.go:22.2,23.16 2 0
github.com/xxrenzhe/autoads/services/siterank/internal/evaluation/ai_evaluation.go:23.16,25.3 1 0
github.com/xxrenzhe/autoads/services/siterank/internal/evaluation/ai_evaluation.go:28.2,28.46 1 0
github.com/xxrenzhe/autoads/services/siterank/internal/evaluation/ai_evaluation.go:28.46,31.3 2 0
github.com/xxrenzhe/autoads/services/siterank/internal/evaluation/ai_evaluation.go:34.2,40.32 2 0
github.com/xxrenzhe/autoads/services/siterank/internal/evaluation/ai_evaluation.go:40.32,42.3 1 0
github.com/xxrenzhe/autoads/services/siterank/internal/evaluation/ai_evaluation.go:43.2,43.27 1 0
github.com/xxrenzhe/autoads/services/siterank/internal/evaluation/ai_evaluation.go:43.27,45.3 1 0
github.com/xxrenzhe/autoads/services/siterank/internal/evaluation/ai_evaluation.go:46.2,46.32 1 0
github.com/xxrenzhe/autoads/services/siterank/internal/evaluation/ai_evaluation.go:46.32,48.3 1 0
github.com/xxrenzhe/autoads/services/siterank/internal/evaluation/ai_evaluation.go:51.2,54.16 4 0
github.com/xxrenzhe/autoads/services/siterank/internal/evaluation/ai_evaluation.go:54.16,58.3 3 0
github.com/xxrenzhe/autoads/services/siterank/internal/evaluation/ai_evaluation.go:61.2,116.16 15 0
github.com/xxrenzhe/autoads/services/siterank/internal/evaluation/ai_evaluation.go:116.16,118.3 1 0
github.com/xxrenzhe/autoads/services/siterank/internal/evaluation/ai_evaluation.go:121.2,125.12 4 0
github.com/xxrenzhe/autoads/services/siterank/internal/evaluation/basic_evaluation.go:17.90,19.15 2 0
github.com/xxrenzhe/autoads/services/siterank/internal/evaluation/basic_evaluation.go:19.15,21.3 1 0
github.com/xxrenzhe/autoads/services/siterank/internal/evaluation/basic_evaluation.go:24.2,24.86 1 0
github.com/xxrenzhe/autoads/services/siterank/internal/evaluation/basic_evaluation.go:24.86,26.3 1 0
github.com/xxrenzhe/autoads/services/siterank/internal/evaluation/basic_evaluation.go:29.2,30.16 2 0
github.com/xxrenzhe/autoads/services/siterank/internal/evaluation/basic_evaluation.go:30.16,33.3 2 0
github.com/xxrenzhe/autoads/services/siterank/internal/evaluation/basic_evaluation.go:36.2,37.16 2 0
github.com/xxrenzhe/autoads/services/siterank/internal/evaluation/basic_evaluation.go:37.16,40.3 2 0
github.com/xxrenzhe/autoads/services/siterank/internal/evaluation/basic_evaluation.go:43.2,55.12 8 0
github.com/xxrenzhe/autoads/services/siterank/internal/evaluation/basic_evaluation.go:55.12,60.3 4 0
github.com/xxrenzhe/autoads/services/siterank/internal/evaluation/basic_evaluation.go:63.2,63.12 1 0
github.com/xxrenzhe/autoads/services/siterank/internal/evaluation/basic_evaluation.go:63.12,68.3 4 0
github.com/xxrenzhe/autoads/services/siterank/internal/evaluation/basic_evaluation.go:71.2,74.21 2 0
github.com/xxrenzhe/autoads/services/siterank/internal/evaluation/basic_evaluation.go:74.21,78.3 3 0
github.com/xxrenzhe/autoads/services/siterank/internal/evaluation/basic_evaluation.go:80.2,80.26 1 0
github.com/xxrenzhe/autoads/services/siterank/internal/evaluation/basic_evaluation.go:80.26,84.3 3 0
github.com/xxrenzhe/autoads/services/siterank/internal/evaluation/basic_evaluation.go:87.2,100.18 5 0
github.com/xxrenzhe/autoads/services/siterank/internal/evaluation/basic_evaluation.go:100.18,104.3 2 0
github.com/xxrenzhe/autoads/services/siterank/internal/evaluation/basic_evaluation.go:104.8,104.28 1 0
github.com/xxrenzhe/autoads/services/siterank/internal/evaluation/basic_evaluation.go:104.28,107.3 2 0
github.com/xxrenzhe/autoads/services/siterank/internal/evaluation/basic_evaluation.go:115.2,115.54 1 0
github.com/xxrenzhe/autoads/services/siterank/internal/evaluation/basic_evaluation.go:115.54,116.76 1 0
github.com/xxrenzhe/autoads/services/siterank/internal/evaluation/basic_evaluation.go:116.76,119.4 1 0
github.com/xxrenzhe/autoads/services/siterank/internal/evaluation/basic_evaluation.go:123.2,125.26 3 0
github.com/xxrenzhe/autoads/services/siterank/internal/evaluation/basic_evaluation.go:125.26,127.3 1 0
github.com/xxrenzhe/autoads/services/siterank/internal/evaluation/basic_evaluation.go:129.2,154.16 2 0
github.com/xxrenzhe/autoads/services/siterank/internal/evaluation/basic_evaluation.go:154.16,156.3 1 0
github.com/xxrenzhe/autoads/services/siterank/internal/evaluation/basic_evaluation.go:159.2,174.12 6 0
github.com/xxrenzhe/autoads/services/siterank/internal/evaluation/queries.go:13.110,45.26 14 0
github.com/xxrenzhe/autoads/services/siterank/internal/evaluation/queries.go:45.26,47.3 1 0
github.com/xxrenzhe/autoads/services/siterank/internal/evaluation/queries.go:48.2,48.16 1 0
github.com/xxrenzhe/autoads/services/siterank/internal/evaluation/queries.go:48.16,50.3 1 0
github.com/xxrenzhe/autoads/services/siterank/internal/evaluation/queries.go:52.2,55.26 3 0
github.com/xxrenzhe/autoads/services/siterank/internal/evaluation/queries.go:55.26,57.3 1 0
github.com/xxrenzhe/autoads/services/siterank/internal/evaluation/queries.go:58.2,58.18 1 0
github.com/xxrenzhe/autoads/services/siterank/internal/evaluation/queries.go:58.18,60.3 1 0
github.com/xxrenzhe/autoads/services/siterank/internal/evaluation/queries.go:61.2,61.21 1 0
github.com/xxrenzhe/autoads/services/siterank/internal/evaluation/queries.go:61.21,63.3 1 0
github.com/xxrenzhe/autoads/services/siterank/internal/evaluation/queries.go:64.2,64.27 1 0
github.com/xxrenzhe/autoads/services/siterank/internal/evaluation/queries.go:64.27,66.3 1 0
github.com/xxrenzhe/autoads/services/siterank/internal/evaluation/queries.go:67.2,67.20 1 0
github.com/xxrenzhe/autoads/services/siterank/internal/evaluation/queries.go:67.20,69.3 1 0
github.com/xxrenzhe/autoads/services/siterank/internal/evaluation/queries.go:70.2,70.25 1 0
github.com/xxrenzhe/autoads/services/siterank/internal/evaluation/queries.go:70.25,72.61 2 0
github.com/xxrenzhe/autoads/services/siterank/internal/evaluation/queries.go:72.61,74.4 1 0
github.com/xxrenzhe/autoads/services/siterank/internal/evaluation/queries.go:76.2,76.19 1 0
github.com/xxrenzhe/autoads/services/siterank/internal/evaluation/queries.go:76.19,79.3 2 0
github.com/xxrenzhe/autoads/services/siterank/internal/evaluation/queries.go:80.2,80.28 1 0
github.com/xxrenzhe/autoads/services/siterank/internal/evaluation/queries.go:80.28,82.65 2 0
github.com/xxrenzhe/autoads/services/siterank/internal/evaluation/queries.go:82.65,84.4 1 0
github.com/xxrenzhe/autoads/services/siterank/internal/evaluation/queries.go:86.2,86.22 1 0
github.com/xxrenzhe/autoads/services/siterank/internal/evaluation/queries.go:86.22,88.3 1 0
github.com/xxrenzhe/autoads/services/siterank/internal/evaluation/queries.go:89.2,89.20 1 0
github.com/xxrenzhe/autoads/services/siterank/internal/evaluation/queries.go:89.20,91.3 1 0
github.com/xxrenzhe/autoads/services/siterank/internal/evaluation/queries.go:92.2,92.21 1 0
github.com/xxrenzhe/autoads/services/siterank/internal/evaluation/queries.go:92.21,94.3 1 0
github.com/xxrenzhe/autoads/services/siterank/internal/evaluation/queries.go:95.2,95.23 1 0
github.com/xxrenzhe/autoads/services/siterank/internal/evaluation/queries.go:95.23,97.3 1 0
github.com/xxrenzhe/autoads/services/siterank/internal/evaluation/queries.go:99.2,99.21 1 0
github.com/xxrenzhe/autoads/services/siterank/internal/evaluation/queries.go:103.110,135.26 14 0
github.com/xxrenzhe/autoads/services/siterank/internal/evaluation/queries.go:135.26,137.3 1 0
github.com/xxrenzhe/autoads/services/siterank/internal/evaluation/queries.go:138.2,138.16 1 0
github.com/xxrenzhe/autoads/services/siterank/internal/evaluation/queries.go:138.16,140.3 1 0
github.com/xxrenzhe/autoads/services/siterank/internal/evaluation/queries.go:142.2,145.26 3 0
github.com/xxrenzhe/autoads/services/siterank/internal/evaluation/queries.go:145.26,147.3 1 0
github.com/xxrenzhe/autoads/services/siterank/internal/evaluation/queries.go:148.2,148.18 1 0
github.com/xxrenzhe/autoads/services/siterank/internal/evaluation/queries.go:148.18,150.3 1 0
github.com/xxrenzhe/autoads/services/siterank/internal/evaluation/queries.go:151.2,151.21 1 0
github.com/xxrenzhe/autoads/services/siterank/internal/evaluation/queries.go:151.21,153.3 1 0
github.com/xxrenzhe/autoads/services/siterank/internal/evaluation/queries.go:154.2,154.27 1 0
github.com/xxrenzhe/autoads/services/siterank/internal/evaluation/queries.go:154.27,156.3 1 0
github.com/xxrenzhe/autoads/services/siterank/internal/evaluation/queries.go:157.2,157.20 1 0
github.com/xxrenzhe/autoads/services/siterank/internal/evaluation/queries.go:157.20,159.3 1 0
github.com/xxrenzhe/autoads/services/siterank/internal/evaluation/queries.go:160.2,160.25 1 0
github.com/xxrenzhe/autoads/services/siterank/internal/evaluation/queries.go:160.25,162.61 2 0
github.com/xxrenzhe/autoads/services/siterank/internal/evaluation/queries.go:162.61,164.4 1 0
github.com/xxrenzhe/autoads/services/siterank/internal/evaluation/queries.go:166.2,166.19 1 0
github.com/xxrenzhe/autoads/services/siterank/internal/evaluation/queries.go:166.19,169.3 2 0
github.com/xxrenzhe/autoads/services/siterank/internal/evaluation/queries.go:170.2,170.28 1 0
github.com/xxrenzhe/autoads/services/siterank/internal/evaluation/queries.go:170.28,172.65 2 0
github.com/xxrenzhe/autoads/services/siterank/internal/evaluation/queries.go:172.65,174.4 1 0
github.com/xxrenzhe/autoads/services/siterank/internal/evaluation/queries.go:176.2,176.22 1 0
github.com/xxrenzhe/autoads/services/siterank/internal/evaluation/queries.go:176.22,178.3 1 0
github.com/xxrenzhe/autoads/services/siterank/internal/evaluation/queries.go:179.2,179.20 1 0
github.com/xxrenzhe/autoads/services/siterank/internal/evaluation/queries.go:179.20,181.3 1 0
github.com/xxrenzhe/autoads/services/siterank/internal/evaluation/queries.go:182.2,182.21 1 0
github.com/xxrenzhe/autoads/services/siterank/internal/evaluation/queries.go:182.21,184.3 1 0
github.com/xxrenzhe/autoads/services/siterank/internal/evaluation/queries.go:185.2,185.23 1 0
github.com/xxrenzhe/autoads/services/siterank/internal/evaluation/queries.go:185.23,187.3 1 0
github.com/xxrenzhe/autoads/services/siterank/internal/evaluation/queries.go:189.2,189.21 1 0
github.com/xxrenzhe/autoads/services/siterank/internal/evaluation/queries.go:193.136,204.26 3 0
github.com/xxrenzhe/autoads/services/siterank/internal/evaluation/queries.go:204.26,206.3 1 0
github.com/xxrenzhe/autoads/services/siterank/internal/evaluation/queries.go:207.2,207.16 1 0
github.com/xxrenzhe/autoads/services/siterank/internal/evaluation/queries.go:207.16,209.3 1 0
github.com/xxrenzhe/autoads/services/siterank/internal/evaluation/queries.go:211.2,211.51 1 0
github.com/xxrenzhe/autoads/services/siterank/internal/evaluation/queries.go:215.145,216.16 1 0
github.com/xxrenzhe/autoads/services/siterank/internal/evaluation/queries.go:216.16,218.3 1 0
github.com/xxrenzhe/autoads/services/siterank/internal/evaluation/queries.go:219.2,219.17 1 0
github.com/xxrenzhe/autoads/services/siterank/internal/evaluation/queries.go:219.17,221.3 1 0
github.com/xxrenzhe/autoads/services/siterank/internal/evaluation/queries.go:223.2,237.21 4 0
github.com/xxrenzhe/autoads/services/siterank/internal/evaluation/queries.go:237.21,241.3 3 0
github.com/xxrenzhe/autoads/services/siterank/internal/evaluation/queries.go:243.2,247.16 4 0
github.com/xxrenzhe/autoads/services/siterank/internal/evaluation/queries.go:247.16,249.3 1 0
github.com/xxrenzhe/autoads/services/siterank/internal/evaluation/queries.go:250.2,254.18 3 0
github.com/xxrenzhe/autoads/services/siterank/internal/evaluation/queries.go:254.18,274.17 12 0
github.com/xxrenzhe/autoads/services/siterank/internal/evaluation/queries.go:274.17,276.4 1 0
github.com/xxrenzhe/autoads/services/siterank/internal/evaluation/queries.go:278.3,281.27 3 0
github.com/xxrenzhe/autoads/services/siterank/internal/evaluation/queries.go:281.27,283.4 1 0
github.com/xxrenzhe/autoads/services/siterank/internal/evaluation/queries.go:284.3,284.19 1 0
github.com/xxrenzhe/autoads/services/siterank/internal/evaluation/queries.go:284.19,286.4 1 0
github.com/xxrenzhe/autoads/services/siterank/internal/evaluation/queries.go:287.3,287.22 1 0
github.com/xxrenzhe/autoads/services/siterank/internal/evaluation/queries.go:287.22,289.4 1 0
github.com/xxrenzhe/autoads/services/siterank/internal/evaluation/queries.go:290.3,290.28 1 0
github.com/xxrenzhe/autoads/services/siterank/internal/evaluation/queries.go:290.28,292.4 1 0
github.com/xxrenzhe/autoads/services/siterank/internal/evaluation/queries.go:293.3,293.21 1 0
github.com/xxrenzhe/autoads/services/siterank/internal/evaluation/queries.go:293.21,295.4 1 0
github.com/xxrenzhe/autoads/services/siterank/internal/evaluation/queries.go:296.3,296.26 1 0
github.com/xxrenzhe/autoads/services/siterank/internal/evaluation/queries.go:296.26,298.62 2 0
github.com/xxrenzhe/autoads/services/siterank/internal/evaluation/queries.go:298.62,300.5 1 0
github.com/xxrenzhe/autoads/services/siterank/internal/evaluation/queries.go:302.3,302.20 1 0
github.com/xxrenzhe/autoads/services/siterank/internal/evaluation/queries.go:302.20,305.4 2 0
github.com/xxrenzhe/autoads/services/siterank/internal/evaluation/queries.go:306.3,306.29 1 0
github.com/xxrenzhe/autoads/services/siterank/internal/evaluation/queries.go:306.29,308.66 2 0
github.com/xxrenzhe/autoads/services/siterank/internal/evaluation/queries.go:308.66,310.5 1 0
github.com/xxrenzhe/autoads/services/siterank/internal/evaluation/queries.go:312.3,312.23 1 0
github.com/xxrenzhe/autoads/services/siterank/internal/evaluation/queries.go:312.23,314.4 1 0
github.com/xxrenzhe/autoads/services/siterank/internal/evaluation/queries.go:315.3,315.21 1 0
github.com/xxrenzhe/autoads/services/siterank/internal/evaluation/queries.go:315.21,317.4 1 0
github.com/xxrenzhe/autoads/services/siterank/internal/evaluation/queries.go:318.3,318.22 1 0
github.com/xxrenzhe/autoads/services/siterank/internal/evaluation/queries.go:318.22,320.4 1 0
github.com/xxrenzhe/autoads/services/siterank/internal/evaluation/queries.go:321.3,321.24 1 0
github.com/xxrenzhe/autoads/services/siterank/internal/evaluation/queries.go:321.24,323.4 1 0
github.com/xxrenzhe/autoads/services/siterank/internal/evaluation/queries.go:325.3,325.36 1 0
github.com/xxrenzhe/autoads/services/siterank/internal/evaluation/queries.go:328.2,328.35 1 0
github.com/xxrenzhe/autoads/services/siterank/internal/evaluation/queries.go:328.35,330.3 1 0
github.com/xxrenzhe/autoads/services/siterank/internal/evaluation/queries.go:332.2,332.21 1 0
github.com/xxrenzhe/autoads/services/siterank/internal/evaluation/repository.go:31.85,41.26 4 0
github.com/xxrenzhe/autoads/services/siterank/internal/evaluation/repository.go:41.26,43.3 1 0
github.com/xxrenzhe/autoads/services/siterank/internal/evaluation/repository.go:44.2,44.16 1 0
github.com/xxrenzhe/autoads/services/siterank/internal/evaluation/repository.go:44.16,46.3 1 0
github.com/xxrenzhe/autoads/services/siterank/internal/evaluation/repository.go:48.2,48.21 1 0
github.com/xxrenzhe/autoads/services/siterank/internal/evaluation/repository.go:48.21,50.3 1 0
github.com/xxrenzhe/autoads/services/siterank/internal/evaluation/repository.go:52.2,52.20 1 0
github.com/xxrenzhe/autoads/services/siterank/internal/evaluation/repository.go:55.100,66.16 4 0
github.com/xxrenzhe/autoads/services/siterank/internal/evaluation/repository.go:66.16,68.3 1 0
github.com/xxrenzhe/autoads/services/siterank/internal/evaluation/repository.go:70.2,70.19 1 0
github.com/xxrenzhe/autoads/services/siterank/internal/evaluation/repository.go:73.132,75.45 2 0
github.com/xxrenzhe/autoads/services/siterank/internal/evaluation/repository.go:75.45,77.3 1 0
github.com/xxrenzhe/autoads/services/siterank/internal/evaluation/repository.go:79.2,87.12 2 0
github.com/xxrenzhe/autoads/services/siterank/internal/evaluation/repository.go:90.115,97.2 2 0
github.com/xxrenzhe/autoads/services/siterank/internal/evaluation/repository.go:99.103,110.2 2 0
github.com/xxrenzhe/autoads/services/siterank/internal/evaluation/repository.go:114.33,117.2 2 0
github.com/xxrenzhe/autoads/services/siterank/internal/evaluation/repository.go:120.33,122.2 1 0
github.com/xxrenzhe/autoads/services/siterank/internal/evaluation/service.go:31.12,39.2 1 0
github.com/xxrenzhe/autoads/services/siterank/internal/evaluation/service.go:101.108,104.16 2 0
github.com/xxrenzhe/autoads/services/siterank/internal/evaluation/service.go:104.16,106.3 1 0
github.com/xxrenzhe/autoads/services/siterank/internal/evaluation/service.go:109.2,114.19 4 0
github.com/xxrenzhe/autoads/services/siterank/internal/evaluation/service.go:114.19,117.3 2 0
github.com/xxrenzhe/autoads/services/siterank/internal/evaluation/service.go:120.2,131.16 4 0
github.com/xxrenzhe/autoads/services/siterank/internal/evaluation/service.go:131.16,133.3 1 0
github.com/xxrenzhe/autoads/services/siterank/internal/evaluation/service.go:135.2,145.20 2 0
github.com/xxrenzhe/autoads/services/siterank/internal/events/config.go:9.28,11.55 1 0
github.com/xxrenzhe/autoads/services/siterank/internal/events/config.go:11.55,13.3 1 0
github.com/xxrenzhe/autoads/services/siterank/internal/events/config.go:15.2,15.49 1 0
github.com/xxrenzhe/autoads/services/siterank/internal/events/config.go:15.49,17.3 1 0
github.com/xxrenzhe/autoads/services/siterank/internal/events/config.go:18.2,18.11 1 0
github.com/xxrenzhe/autoads/services/siterank/internal/events/handler.go:46.77,61.2 6 0
github.com/xxrenzhe/autoads/services/siterank/internal/events/handler.go:64.109,66.55 2 0
github.com/xxrenzhe/autoads/services/siterank/internal/events/handler.go:66.55,68.3 1 0
github.com/xxrenzhe/autoads/services/siterank/internal/events/handler.go:71.2,71.20 1 0
github.com/xxrenzhe/autoads/services/siterank/internal/events/handler.go:71.20,73.3 1 0
github.com/xxrenzhe/autoads/services/siterank/internal/events/handler.go:75.2,76.26 2 0
github.com/xxrenzhe/autoads/services/siterank/internal/events/handler.go:76.26,78.3 1 0
github.com/xxrenzhe/autoads/services/siterank/internal/events/handler.go:79.2,80.22 2 0
github.com/xxrenzhe/autoads/services/siterank/internal/events/handler.go:80.22,82.3 1 0
[...]
github.com/xxrenzhe/autoads/services/siterank/internal/oapi/server.gen.go:364.86,366.4 1 0
github.com/xxrenzhe/autoads/services/siterank/internal/oapi/server.gen.go:368.2,374.29 2 0
github.com/xxrenzhe/autoads/services/siterank/internal/oapi/server.gen.go:374.29,376.3 1 0
github.com/xxrenzhe/autoads/services/siterank/internal/oapi/server.gen.go:377.2,377.29 1 0
github.com/xxrenzhe/autoads/services/siterank/internal/oapi/server.gen.go:377.29,379.3 1 0
github.com/xxrenzhe/autoads/services/siterank/internal/oapi/server.gen.go:380.2,380.29 1 0
github.com/xxrenzhe/autoads/services/siterank/internal/oapi/server.gen.go:380.29,382.3 1 0
github.com/xxrenzhe/autoads/services/siterank/internal/oapi/server.gen.go:383.2,383.29 1 0
github.com/xxrenzhe/autoads/services/siterank/internal/oapi/server.gen.go:383.29,385.3 1 0
github.com/xxrenzhe/autoads/services/siterank/internal/oapi/server.gen.go:386.2,386.29 1 0
github.com/xxrenzhe/autoads/services/siterank/internal/oapi/server.gen.go:386.29,388.3 1 0
github.com/xxrenzhe/autoads/services/siterank/internal/oapi/server.gen.go:389.2,389.29 1 0
github.com/xxrenzhe/autoads/services/siterank/internal/oapi/server.gen.go:389.29,391.3 1 0
github.com/xxrenzhe/autoads/services/siterank/internal/oapi/server.gen.go:393.2,393.10 1 0
github.com/xxrenzhe/autoads/services/siterank/internal/pkg/database/database.go:16.49,19.18 2 0
github.com/xxrenzhe/autoads/services/siterank/internal/pkg/database/database.go:19.18,22.3 2 0
github.com/xxrenzhe/autoads/services/siterank/internal/pkg/database/database.go:25.2,25.43 1 0
github.com/xxrenzhe/autoads/services/siterank/internal/pkg/database/database.go:25.43,27.33 2 0
github.com/xxrenzhe/autoads/services/siterank/internal/pkg/database/database.go:27.33,29.4 1 0
github.com/xxrenzhe/autoads/services/siterank/internal/pkg/database/database.go:30.3,30.67 1 0
github.com/xxrenzhe/autoads/services/siterank/internal/pkg/database/database.go:34.2,35.16 2 0
github.com/xxrenzhe/autoads/services/siterank/internal/pkg/database/database.go:35.16,37.3 1 0
github.com/xxrenzhe/autoads/services/siterank/internal/pkg/database/database.go:41.2,41.33 1 0
github.com/xxrenzhe/autoads/services/siterank/internal/pkg/database/database.go:41.33,45.3 2 0
github.com/xxrenzhe/autoads/services/siterank/internal/pkg/database/database.go:48.2,50.16 3 0
github.com/xxrenzhe/autoads/services/siterank/internal/pkg/database/database.go:50.16,53.3 2 0
github.com/xxrenzhe/autoads/services/siterank/internal/pkg/database/database.go:55.2,57.16 2 0
github.com/xxrenzhe/autoads/services/siterank/internal/pkg/secrets/secrets.go:19.26,20.71 1 0
github.com/xxrenzhe/autoads/services/siterank/internal/pkg/secrets/secrets.go:20.71,21.53 1 0
github.com/xxrenzhe/autoads/services/siterank/internal/pkg/secrets/secrets.go:21.53,23.4 1 0
github.com/xxrenzhe/autoads/services/siterank/internal/pkg/secrets/secrets.go:25.2,25.25 1 0
github.com/xxrenzhe/autoads/services/siterank/internal/pkg/secrets/secrets.go:30.45,31.16 1 0
github.com/xxrenzhe/autoads/services/siterank/internal/pkg/secrets/secrets.go:31.16,33.3 1 0
github.com/xxrenzhe/autoads/services/siterank/internal/pkg/secrets/secrets.go:36.2,37.24 2 0
github.com/xxrenzhe/autoads/services/siterank/internal/pkg/secrets/secrets.go:37.24,38.69 1 0
github.com/xxrenzhe/autoads/services/siterank/internal/pkg/secrets/secrets.go:38.69,40.4 1 0
github.com/xxrenzhe/autoads/services/siterank/internal/pkg/secrets/secrets.go:44.2,46.16 3 0
github.com/xxrenzhe/autoads/services/siterank/internal/pkg/secrets/secrets.go:46.16,48.3 1 0
github.com/xxrenzhe/autoads/services/siterank/internal/pkg/secrets/secrets.go:49.2,53.16 4 0
github.com/xxrenzhe/autoads/services/siterank/internal/pkg/secrets/secrets.go:53.16,55.3 1 0
github.com/xxrenzhe/autoads/services/siterank/internal/pkg/secrets/secrets.go:57.2,60.24 2 0
github.com/xxrenzhe/autoads/services/siterank/internal/pkg/secrets/secrets.go:60.24,62.3 1 0
github.com/xxrenzhe/autoads/services/siterank/internal/pkg/secrets/secrets.go:64.2,64.17 1 0
github.com/xxrenzhe/autoads/services/siterank/internal/similarweb/cache.go:30.79,35.2 1 1
github.com/xxrenzhe/autoads/services/siterank/internal/similarweb/cache.go:38.117,43.2 1 0
github.com/xxrenzhe/autoads/services/siterank/internal/similarweb/cache.go:46.89,51.2 1 0
github.com/xxrenzhe/autoads/services/siterank/internal/similarweb/cache.go:54.37,56.2 1 1
github.com/xxrenzhe/autoads/services/siterank/internal/similarweb/cache.go:59.42,61.2 1 1
github.com/xxrenzhe/autoads/services/siterank/internal/similarweb/cache.go:72.116,74.28 2 1
github.com/xxrenzhe/autoads/services/siterank/internal/similarweb/cache.go:74.28,76.3 1 0
github.com/xxrenzhe/autoads/services/siterank/internal/similarweb/cache.go:79.2,79.19 1 1
github.com/xxrenzhe/autoads/services/siterank/internal/similarweb/cache.go:79.19,82.35 3 1
github.com/xxrenzhe/autoads/services/siterank/internal/similarweb/cache.go:82.35,85.4 1 1
github.com/xxrenzhe/autoads/services/siterank/internal/similarweb/cache.go:89.2,89.19 1 1
github.com/xxrenzhe/autoads/services/siterank/internal/similarweb/cache.go:89.19,92.17 3 1
github.com/xxrenzhe/autoads/services/siterank/internal/similarweb/cache.go:92.17,96.68 3 1
github.com/xxrenzhe/autoads/services/siterank/internal/similarweb/cache.go:96.68,106.5 3 1
github.com/xxrenzhe/autoads/services/siterank/internal/similarweb/cache.go:111.2,115.16 5 1
github.com/xxrenzhe/autoads/services/siterank/internal/similarweb/cache.go:115.16,121.3 4 1
github.com/xxrenzhe/autoads/services/siterank/internal/similarweb/cache.go:124.2,125.16 2 0
github.com/xxrenzhe/autoads/services/siterank/internal/similarweb/cache.go:125.16,131.3 1 0
github.com/xxrenzhe/autoads/services/siterank/internal/similarweb/cache.go:133.2,134.87 2 0
github.com/xxrenzhe/autoads/services/siterank/internal/similarweb/cache.go:134.87,140.3 1 0
github.com/xxrenzhe/autoads/services/siterank/internal/similarweb/cache.go:143.2,151.8 4 0
github.com/xxrenzhe/autoads/services/siterank/internal/similarweb/cache.go:155.82,166.2 8 1
github.com/xxrenzhe/autoads/services/siterank/internal/similarweb/cache.go:169.101,174.16 4 0
github.com/xxrenzhe/autoads/services/siterank/internal/similarweb/cache.go:174.16,176.3 1 0
github.com/xxrenzhe/autoads/services/siterank/internal/similarweb/cache.go:178.2,178.17 1 0
github.com/xxrenzhe/autoads/services/siterank/internal/similarweb/cache.go:178.17,180.3 1 0
github.com/xxrenzhe/autoads/services/siterank/internal/similarweb/cache.go:183.2,184.16 2 0
github.com/xxrenzhe/autoads/services/siterank/internal/similarweb/cache.go:184.16,186.3 1 0
github.com/xxrenzhe/autoads/services/siterank/internal/similarweb/cache.go:188.2,189.29 2 0
github.com/xxrenzhe/autoads/services/siterank/internal/similarweb/cache.go:193.66,194.16 1 1
github.com/xxrenzhe/autoads/services/siterank/internal/similarweb/cache.go:194.16,196.3 1 0
github.com/xxrenzhe/autoads/services/siterank/internal/similarweb/cache.go:198.2,201.62 2 1
github.com/xxrenzhe/autoads/services/siterank/internal/similarweb/cache.go:201.62,203.3 1 0
github.com/xxrenzhe/autoads/services/siterank/internal/similarweb/cache.go:206.2,208.45 1 1
github.com/xxrenzhe/autoads/services/siterank/internal/similarweb/cache.go:208.45,210.3 1 0
github.com/xxrenzhe/autoads/services/siterank/internal/similarweb/cache.go:213.2,213.74 1 1
github.com/xxrenzhe/autoads/services/siterank/internal/similarweb/cache.go:213.74,215.3 1 0
github.com/xxrenzhe/autoads/services/siterank/internal/similarweb/cache.go:218.2,218.22 1 1
github.com/xxrenzhe/autoads/services/siterank/internal/similarweb/cache.go:222.38,225.22 3 1
github.com/xxrenzhe/autoads/services/siterank/internal/similarweb/cache.go:225.22,226.27 1 1
github.com/xxrenzhe/autoads/services/siterank/internal/similarweb/cache.go:226.27,228.4 1 1
github.com/xxrenzhe/autoads/services/siterank/internal/similarweb/cache.go:228.9,230.4 1 1
github.com/xxrenzhe/autoads/services/siterank/internal/similarweb/cache.go:232.2,232.27 1 1
github.com/xxrenzhe/autoads/services/siterank/internal/similarweb/cache.go:232.27,233.27 1 1
github.com/xxrenzhe/autoads/services/siterank/internal/similarweb/cache.go:233.27,235.4 1 0
github.com/xxrenzhe/autoads/services/siterank/internal/similarweb/cache.go:235.9,237.4 1 1
github.com/xxrenzhe/autoads/services/siterank/internal/similarweb/cache.go:240.2,240.53 1 1
github.com/xxrenzhe/autoads/services/siterank/internal/similarweb/cache.go:240.53,241.87 1 1
github.com/xxrenzhe/autoads/services/siterank/internal/similarweb/cache.go:241.87,243.4 1 0
github.com/xxrenzhe/autoads/services/siterank/internal/similarweb/cache.go:245.2,245.14 1 1
github.com/xxrenzhe/autoads/services/siterank/internal/similarweb/client.go:24.40,25.19 1 1
github.com/xxrenzhe/autoads/services/siterank/internal/similarweb/client.go:25.19,28.3 1 0
github.com/xxrenzhe/autoads/services/siterank/internal/similarweb/client.go:30.2,36.3 1 1
github.com/xxrenzhe/autoads/services/siterank/internal/similarweb/client.go:40.78,46.2 1 0
github.com/xxrenzhe/autoads/services/siterank/internal/similarweb/client.go:87.43,93.35 3 1
github.com/xxrenzhe/autoads/services/siterank/internal/similarweb/client.go:93.35,95.3 1 1
github.com/xxrenzhe/autoads/services/siterank/internal/similarweb/client.go:97.2,98.16 2 1
github.com/xxrenzhe/autoads/services/siterank/internal/similarweb/client.go:98.16,102.40 3 0
github.com/xxrenzhe/autoads/services/siterank/internal/similarweb/client.go:102.40,104.4 1 0
github.com/xxrenzhe/autoads/services/siterank/internal/similarweb/client.go:105.3,105.16 1 0
github.com/xxrenzhe/autoads/services/siterank/internal/similarweb/client.go:108.2,112.39 3 1
github.com/xxrenzhe/autoads/services/siterank/internal/similarweb/client.go:112.39,114.3 1 1
github.com/xxrenzhe/autoads/services/siterank/internal/similarweb/client.go:116.2,116.15 1 1
github.com/xxrenzhe/autoads/services/siterank/internal/similarweb/client.go:120.93,122.2 1 1
github.com/xxrenzhe/autoads/services/siterank/internal/similarweb/client.go:125.118,129.18 2 1
github.com/xxrenzhe/autoads/services/siterank/internal/similarweb/client.go:129.18,131.3 1 0
github.com/xxrenzhe/autoads/services/siterank/internal/similarweb/client.go:134.2,134.32 1 1
github.com/xxrenzhe/autoads/services/siterank/internal/similarweb/client.go:134.32,136.3 1 0
github.com/xxrenzhe/autoads/services/siterank/internal/similarweb/client.go:139.2,139.49 1 1
github.com/xxrenzhe/autoads/services/siterank/internal/similarweb/client.go:143.115,145.16 2 0
github.com/xxrenzhe/autoads/services/siterank/internal/similarweb/client.go:145.16,147.3 1 0
github.com/xxrenzhe/autoads/services/siterank/internal/similarweb/client.go:150.2,150.14 1 0
github.com/xxrenzhe/autoads/services/siterank/internal/similarweb/client.go:150.14,152.3 1 0
github.com/xxrenzhe/autoads/services/siterank/internal/similarweb/client.go:155.2,163.48 2 0
github.com/xxrenzhe/autoads/services/siterank/internal/similarweb/client.go:163.48,168.3 1 0
github.com/xxrenzhe/autoads/services/siterank/internal/similarweb/client.go:171.2,174.34 4 0
github.com/xxrenzhe/autoads/services/siterank/internal/similarweb/client.go:174.34,176.3 1 0
github.com/xxrenzhe/autoads/services/siterank/internal/similarweb/client.go:177.2,177.36 1 0
github.com/xxrenzhe/autoads/services/siterank/internal/similarweb/client.go:177.36,181.3 3 0
github.com/xxrenzhe/autoads/services/siterank/internal/similarweb/client.go:182.2,185.18 3 0
github.com/xxrenzhe/autoads/services/siterank/internal/similarweb/client.go:189.109,192.53 2 1
github.com/xxrenzhe/autoads/services/siterank/internal/similarweb/client.go:192.53,198.17 3 1
github.com/xxrenzhe/autoads/services/siterank/internal/similarweb/client.go:198.17,200.4 1 0
github.com/xxrenzhe/autoads/services/siterank/internal/similarweb/client.go:203.3,208.17 4 1
github.com/xxrenzhe/autoads/services/siterank/internal/similarweb/client.go:208.17,212.30 2 1
github.com/xxrenzhe/autoads/services/siterank/internal/similarweb/client.go:212.30,214.5 1 0
github.com/xxrenzhe/autoads/services/siterank/internal/similarweb/client.go:217.4,217.28 1 1
github.com/xxrenzhe/autoads/services/siterank/internal/similarweb/client.go:217.28,219.12 2 1
github.com/xxrenzhe/autoads/services/siterank/internal/similarweb/client.go:220.32,221.14 1 1
github.com/xxrenzhe/autoads/services/siterank/internal/similarweb/client.go:222.23,223.27 1 0
github.com/xxrenzhe/autoads/services/siterank/internal/similarweb/client.go:226.4,226.12 1 1
github.com/xxrenzhe/autoads/services/siterank/internal/similarweb/client.go:228.3,232.17 3 0
github.com/xxrenzhe/autoads/services/siterank/internal/similarweb/client.go:232.17,237.28 3 0
github.com/xxrenzhe/autoads/services/siterank/internal/similarweb/client.go:237.28,239.12 2 0
github.com/xxrenzhe/autoads/services/siterank/internal/similarweb/client.go:240.32,241.14 1 0
github.com/xxrenzhe/autoads/services/siterank/internal/similarweb/client.go:242.23,243.27 1 0
github.com/xxrenzhe/autoads/services/siterank/internal/similarweb/client.go:246.4,246.12 1 0
github.com/xxrenzhe/autoads/services/siterank/internal/similarweb/client.go:250.3,250.39 1 0
github.com/xxrenzhe/autoads/services/siterank/internal/similarweb/client.go:250.39,255.47 3 0
github.com/xxrenzhe/autoads/services/siterank/internal/similarweb/client.go:255.47,257.5 1 0
github.com/xxrenzhe/autoads/services/siterank/internal/similarweb/client.go:260.4,260.28 1 0
github.com/xxrenzhe/autoads/services/siterank/internal/similarweb/client.go:260.28,262.12 2 0
github.com/xxrenzhe/autoads/services/siterank/internal/similarweb/client.go:263.32,264.14 1 0
github.com/xxrenzhe/autoads/services/siterank/internal/similarweb/client.go:265.23,266.27 1 0
github.com/xxrenzhe/autoads/services/siterank/internal/similarweb/client.go:269.4,269.12 1 0
github.com/xxrenzhe/autoads/services/siterank/internal/similarweb/client.go:273.3,274.56 2 0
github.com/xxrenzhe/autoads/services/siterank/internal/similarweb/client.go:274.56,280.4 3 0
github.com/xxrenzhe/autoads/services/siterank/internal/similarweb/client.go:282.3,285.49 2 0
github.com/xxrenzhe/autoads/services/siterank/internal/similarweb/client.go:289.2,289.78 1 1
github.com/xxrenzhe/autoads/services/siterank/internal/similarweb/client.go:293.39,295.16 1 1
github.com/xxrenzhe/autoads/services/siterank/internal/similarweb/client.go:295.16,297.3 1 0
github.com/xxrenzhe/autoads/services/siterank/internal/similarweb/client.go:300.2,310.44 3 1
github.com/xxrenzhe/autoads/services/siterank/internal/similarweb/client.go:310.44,311.57 1 1
github.com/xxrenzhe/autoads/services/siterank/internal/similarweb/client.go:311.57,313.4 1 1
github.com/xxrenzhe/autoads/services/siterank/internal/similarweb/client.go:316.2,316.14 1 0
github.com/xxrenzhe/autoads/services/siterank/internal/similarweb/client.go:320.49,324.2 1 0
github.com/xxrenzhe/autoads/services/siterank/internal/similarweb/client.go:327.90,334.59 2 0
github.com/xxrenzhe/autoads/services/siterank/internal/similarweb/client.go:334.59,337.3 2 0
github.com/xxrenzhe/autoads/services/siterank/internal/similarweb/client.go:337.8,337.67 1 0
github.com/xxrenzhe/autoads/services/siterank/internal/similarweb/client.go:337.67,340.3 2 0
github.com/xxrenzhe/autoads/services/siterank/internal/similarweb/client.go:342.2,342.63 1 0
github.com/xxrenzhe/autoads/services/siterank/internal/similarweb/client.go:342.63,345.3 2 0
github.com/xxrenzhe/autoads/services/siterank/internal/similarweb/client.go:345.8,345.71 1 0
github.com/xxrenzhe/autoads/services/siterank/internal/similarweb/client.go:345.71,348.3 2 0
github.com/xxrenzhe/autoads/services/siterank/internal/similarweb/client.go:350.2,350.54 1 0
github.com/xxrenzhe/autoads/services/siterank/internal/similarweb/client.go:350.54,352.3 1 0
github.com/xxrenzhe/autoads/services/siterank/internal/similarweb/client.go:352.8,352.61 1 0
github.com/xxrenzhe/autoads/services/siterank/internal/similarweb/client.go:352.61,354.3 1 0
github.com/xxrenzhe/autoads/services/siterank/internal/similarweb/client.go:356.2,356.61 1 0
github.com/xxrenzhe/autoads/services/siterank/internal/similarweb/client.go:356.61,358.3 1 0
github.com/xxrenzhe/autoads/services/siterank/internal/similarweb/client.go:358.8,358.69 1 0
github.com/xxrenzhe/autoads/services/siterank/internal/similarweb/client.go:358.69,360.3 1 0
github.com/xxrenzhe/autoads/services/siterank/internal/similarweb/client.go:363.2,363.72 1 0
github.com/xxrenzhe/autoads/services/siterank/internal/similarweb/client.go:363.72,364.40 1 0
github.com/xxrenzhe/autoads/services/siterank/internal/similarweb/client.go:364.40,365.62 1 0
github.com/xxrenzhe/autoads/services/siterank/internal/similarweb/client.go:365.62,367.55 2 0
github.com/xxrenzhe/autoads/services/siterank/internal/similarweb/client.go:367.55,369.6 1 0
github.com/xxrenzhe/autoads/services/siterank/internal/similarweb/client.go:370.5,370.53 1 0
github.com/xxrenzhe/autoads/services/siterank/internal/similarweb/client.go:370.53,372.6 1 0
github.com/xxrenzhe/autoads/services/siterank/internal/similarweb/client.go:373.5,373.60 1 0
github.com/xxrenzhe/autoads/services/siterank/internal/similarweb/client.go:379.2,379.77 1 0
github.com/xxrenzhe/autoads/services/siterank/internal/similarweb/client.go:379.77,380.44 1 0
github.com/xxrenzhe/autoads/services/siterank/internal/similarweb/client.go:380.44,381.62 1 0
github.com/xxrenzhe/autoads/services/siterank/internal/similarweb/client.go:381.62,383.59 2 0
github.com/xxrenzhe/autoads/services/siterank/internal/similarweb/client.go:383.59,385.6 1 0
github.com/xxrenzhe/autoads/services/siterank/internal/similarweb/client.go:385.11,385.63 1 0
github.com/xxrenzhe/autoads/services/siterank/internal/similarweb/client.go:385.63,388.6 1 0
github.com/xxrenzhe/autoads/services/siterank/internal/similarweb/client.go:389.5,389.55 1 0
github.com/xxrenzhe/autoads/services/siterank/internal/similarweb/client.go:389.55,391.6 1 0
github.com/xxrenzhe/autoads/services/siterank/internal/similarweb/client.go:392.5,392.29 1 0
github.com/xxrenzhe/autoads/services/siterank/internal/similarweb/client.go:392.29,394.6 1 0
github.com/xxrenzhe/autoads/services/siterank/internal/similarweb/client.go:400.2,400.82 1 0
github.com/xxrenzhe/autoads/services/siterank/internal/similarweb/client.go:400.82,402.59 2 0
github.com/xxrenzhe/autoads/services/siterank/internal/similarweb/client.go:402.59,404.4 1 0
github.com/xxrenzhe/autoads/services/siterank/internal/similarweb/client.go:405.3,405.65 1 0
github.com/xxrenzhe/autoads/services/siterank/internal/similarweb/client.go:405.65,407.4 1 0
github.com/xxrenzhe/autoads/services/siterank/internal/similarweb/client.go:408.3,408.59 1 0
github.com/xxrenzhe/autoads/services/siterank/internal/similarweb/client.go:408.59,410.4 1 0
github.com/xxrenzhe/autoads/services/siterank/internal/similarweb/client.go:411.3,411.59 1 0
github.com/xxrenzhe/autoads/services/siterank/internal/similarweb/client.go:411.59,413.4 1 0
github.com/xxrenzhe/autoads/services/siterank/internal/similarweb/client.go:414.3,414.55 1 0
github.com/xxrenzhe/autoads/services/siterank/internal/similarweb/client.go:414.55,416.4 1 0
github.com/xxrenzhe/autoads/services/siterank/internal/similarweb/client.go:417.3,417.55 1 0
github.com/xxrenzhe/autoads/services/siterank/internal/similarweb/client.go:417.55,419.4 1 0
github.com/xxrenzhe/autoads/services/siterank/internal/similarweb/client.go:423.2,423.81 1 0
github.com/xxrenzhe/autoads/services/siterank/internal/similarweb/client.go:423.81,425.63 2 0
github.com/xxrenzhe/autoads/services/siterank/internal/similarweb/client.go:425.63,427.4 1 0
github.com/xxrenzhe/autoads/services/siterank/internal/similarweb/client.go:428.3,428.69 1 0
github.com/xxrenzhe/autoads/services/siterank/internal/similarweb/client.go:428.69,430.4 1 0
github.com/xxrenzhe/autoads/services/siterank/internal/similarweb/client.go:431.3,431.70 1 0
github.com/xxrenzhe/autoads/services/siterank/internal/similarweb/client.go:431.70,433.4 1 0
github.com/xxrenzhe/autoads/services/siterank/internal/similarweb/client.go:436.2,436.13 1 0
