mode: set
github.com/xxrenzhe/autoads/services/billing/internal/handlers/admin_subscriptions_handlers.go:33.83,38.18 3 0
github.com/xxrenzhe/autoads/services/billing/internal/handlers/admin_subscriptions_handlers.go:38.18,42.30 3 0
github.com/xxrenzhe/autoads/services/billing/internal/handlers/admin_subscriptions_handlers.go:42.30,45.4 2 0
github.com/xxrenzhe/autoads/services/billing/internal/handlers/admin_subscriptions_handlers.go:48.2,49.18 2 0
github.com/xxrenzhe/autoads/services/billing/internal/handlers/admin_subscriptions_handlers.go:49.18,52.3 2 0
github.com/xxrenzhe/autoads/services/billing/internal/handlers/admin_subscriptions_handlers.go:54.2,55.61 2 0
github.com/xxrenzhe/autoads/services/billing/internal/handlers/admin_subscriptions_handlers.go:55.61,58.3 2 0
github.com/xxrenzhe/autoads/services/billing/internal/handlers/admin_subscriptions_handlers.go:61.2,62.24 2 0
github.com/xxrenzhe/autoads/services/billing/internal/handlers/admin_subscriptions_handlers.go:62.24,65.3 2 0
github.com/xxrenzhe/autoads/services/billing/internal/handlers/admin_subscriptions_handlers.go:67.2,72.31 2 0
github.com/xxrenzhe/autoads/services/billing/internal/handlers/admin_subscriptions_handlers.go:72.31,75.3 2 0
github.com/xxrenzhe/autoads/services/billing/internal/handlers/admin_subscriptions_handlers.go:78.2,79.22 2 0
github.com/xxrenzhe/autoads/services/billing/internal/handlers/admin_subscriptions_handlers.go:79.22,81.3 1 0
github.com/xxrenzhe/autoads/services/billing/internal/handlers/admin_subscriptions_handlers.go:83.2,89.32 2 0
github.com/xxrenzhe/autoads/services/billing/internal/handlers/admin_subscriptions_handlers.go:89.32,92.3 2 0
github.com/xxrenzhe/autoads/services/billing/internal/handlers/admin_subscriptions_handlers.go:96.2,108.16 2 0
github.com/xxrenzhe/autoads/services/billing/internal/handlers/admin_subscriptions_handlers.go:108.16,111.3 2 0
github.com/xxrenzhe/autoads/services/billing/internal/handlers/admin_subscriptions_handlers.go:114.2,124.37 4 0
github.com/xxrenzhe/autoads/services/billing/internal/handlers/admin_tokens_handlers.go:37.76,41.61 3 0
github.com/xxrenzhe/autoads/services/billing/internal/handlers/admin_tokens_handlers.go:41.61,44.3 2 0
github.com/xxrenzhe/autoads/services/billing/internal/handlers/admin_tokens_handlers.go:47.2,48.22 2 0
github.com/xxrenzhe/autoads/services/billing/internal/handlers/admin_tokens_handlers.go:48.22,51.3 2 0
github.com/xxrenzhe/autoads/services/billing/internal/handlers/admin_tokens_handlers.go:53.2,53.21 1 0
github.com/xxrenzhe/autoads/services/billing/internal/handlers/admin_tokens_handlers.go:53.21,56.3 2 0
github.com/xxrenzhe/autoads/services/billing/internal/handlers/admin_tokens_handlers.go:58.2,59.22 2 0
github.com/xxrenzhe/autoads/services/billing/internal/handlers/admin_tokens_handlers.go:59.22,62.3 2 0
github.com/xxrenzhe/autoads/services/billing/internal/handlers/admin_tokens_handlers.go:65.2,66.23 2 0
github.com/xxrenzhe/autoads/services/billing/internal/handlers/admin_tokens_handlers.go:66.23,68.3 1 0
github.com/xxrenzhe/autoads/services/billing/internal/handlers/admin_tokens_handlers.go:71.2,72.16 2 0
github.com/xxrenzhe/autoads/services/billing/internal/handlers/admin_tokens_handlers.go:72.16,75.3 2 0
github.com/xxrenzhe/autoads/services/billing/internal/handlers/admin_tokens_handlers.go:76.2,84.16 3 0
github.com/xxrenzhe/autoads/services/billing/internal/handlers/admin_tokens_handlers.go:84.16,87.3 2 0
github.com/xxrenzhe/autoads/services/billing/internal/handlers/admin_tokens_handlers.go:90.2,99.16 3 0
github.com/xxrenzhe/autoads/services/billing/internal/handlers/admin_tokens_handlers.go:99.16,102.3 2 0
github.com/xxrenzhe/autoads/services/billing/internal/handlers/admin_tokens_handlers.go:105.2,111.16 3 0
github.com/xxrenzhe/autoads/services/billing/internal/handlers/admin_tokens_handlers.go:111.16,114.3 1 0
github.com/xxrenzhe/autoads/services/billing/internal/handlers/admin_tokens_handlers.go:117.2,117.39 1 0
github.com/xxrenzhe/autoads/services/billing/internal/handlers/admin_tokens_handlers.go:117.39,120.3 2 0
github.com/xxrenzhe/autoads/services/billing/internal/handlers/admin_tokens_handlers.go:123.2,133.37 4 0
github.com/xxrenzhe/autoads/services/billing/internal/handlers/http.go:27.44,29.2 1 0
github.com/xxrenzhe/autoads/services/billing/internal/handlers/http.go:32.102,81.2 16 0
github.com/xxrenzhe/autoads/services/billing/internal/handlers/http.go:83.55,85.2 1 0
github.com/xxrenzhe/autoads/services/billing/internal/handlers/http.go:87.67,89.2 1 0
github.com/xxrenzhe/autoads/services/billing/internal/handlers/http.go:91.66,95.17 3 0
github.com/xxrenzhe/autoads/services/billing/internal/handlers/http.go:95.17,96.40 1 0
github.com/xxrenzhe/autoads/services/billing/internal/handlers/http.go:96.40,99.4 2 0
github.com/xxrenzhe/autoads/services/billing/internal/handlers/http.go:102.2,102.73 1 0
github.com/xxrenzhe/autoads/services/billing/internal/handlers/http.go:128.75,130.44 2 0
github.com/xxrenzhe/autoads/services/billing/internal/handlers/http.go:130.44,134.3 3 0
github.com/xxrenzhe/autoads/services/billing/internal/handlers/http.go:136.2,142.16 3 0
github.com/xxrenzhe/autoads/services/billing/internal/handlers/http.go:142.16,146.3 3 0
github.com/xxrenzhe/autoads/services/billing/internal/handlers/http.go:148.2,148.40 1 0
github.com/xxrenzhe/autoads/services/billing/internal/handlers/http.go:151.75,153.44 2 0
github.com/xxrenzhe/autoads/services/billing/internal/handlers/http.go:153.44,157.3 3 0
github.com/xxrenzhe/autoads/services/billing/internal/handlers/http.go:159.2,165.16 3 0
github.com/xxrenzhe/autoads/services/billing/internal/handlers/http.go:165.16,169.3 3 0
github.com/xxrenzhe/autoads/services/billing/internal/handlers/http.go:171.2,171.44 1 0
github.com/xxrenzhe/autoads/services/billing/internal/handlers/http.go:174.80,176.44 2 0
github.com/xxrenzhe/autoads/services/billing/internal/handlers/http.go:176.44,180.3 3 0
github.com/xxrenzhe/autoads/services/billing/internal/handlers/http.go:182.2,189.16 2 0
github.com/xxrenzhe/autoads/services/billing/internal/handlers/http.go:189.16,194.3 4 0
github.com/xxrenzhe/autoads/services/billing/internal/handlers/http.go:195.2,198.18 3 0
github.com/xxrenzhe/autoads/services/billing/internal/handlers/http.go:198.18,200.100 2 0
github.com/xxrenzhe/autoads/services/billing/internal/handlers/http.go:200.100,205.4 4 0
github.com/xxrenzhe/autoads/services/billing/internal/handlers/http.go:206.3,206.41 1 0
github.com/xxrenzhe/autoads/services/billing/internal/handlers/http.go:209.2,209.49 1 0
github.com/xxrenzhe/autoads/services/billing/internal/handlers/http.go:213.79,215.18 2 0
github.com/xxrenzhe/autoads/services/billing/internal/handlers/http.go:215.18,218.3 2 0
github.com/xxrenzhe/autoads/services/billing/internal/handlers/http.go:220.2,221.16 2 0
github.com/xxrenzhe/autoads/services/billing/internal/handlers/http.go:221.16,224.3 2 0
github.com/xxrenzhe/autoads/services/billing/internal/handlers/http.go:226.2,226.44 1 0
github.com/xxrenzhe/autoads/services/billing/internal/handlers/http.go:234.78,238.2 3 1
github.com/xxrenzhe/autoads/services/billing/internal/handlers/http.go:240.72,242.2 1 0
github.com/xxrenzhe/autoads/services/billing/internal/handlers/http.go:244.50,245.45 1 0
github.com/xxrenzhe/autoads/services/billing/internal/handlers/http.go:245.45,247.3 1 0
github.com/xxrenzhe/autoads/services/billing/internal/handlers/http.go:249.2,250.31 2 0
github.com/xxrenzhe/autoads/services/billing/internal/handlers/http.go:250.31,251.44 1 0
github.com/xxrenzhe/autoads/services/billing/internal/handlers/http.go:251.44,253.4 1 0
github.com/xxrenzhe/autoads/services/billing/internal/handlers/http.go:255.2,255.11 1 0
github.com/xxrenzhe/autoads/services/billing/internal/handlers/subscription_plans.go:63.126,70.2 1 0
github.com/xxrenzhe/autoads/services/billing/internal/handlers/subscription_plans.go:76.63,81.74 3 0
github.com/xxrenzhe/autoads/services/billing/internal/handlers/subscription_plans.go:81.74,83.52 2 0
github.com/xxrenzhe/autoads/services/billing/internal/handlers/subscription_plans.go:83.52,90.4 2 0
github.com/xxrenzhe/autoads/services/billing/internal/handlers/subscription_plans.go:94.2,95.16 2 0
github.com/xxrenzhe/autoads/services/billing/internal/handlers/subscription_plans.go:95.16,101.3 2 0
github.com/xxrenzhe/autoads/services/billing/internal/handlers/subscription_plans.go:104.2,104.55 1 0
github.com/xxrenzhe/autoads/services/billing/internal/handlers/subscription_plans.go:104.55,106.3 1 0
github.com/xxrenzhe/autoads/services/billing/internal/handlers/subscription_plans.go:108.2,112.4 1 0
github.com/xxrenzhe/autoads/services/billing/internal/handlers/subscription_plans.go:116.98,128.16 3 0
github.com/xxrenzhe/autoads/services/billing/internal/handlers/subscription_plans.go:128.16,130.3 1 0
github.com/xxrenzhe/autoads/services/billing/internal/handlers/subscription_plans.go:131.2,134.18 3 0
github.com/xxrenzhe/autoads/services/billing/internal/handlers/subscription_plans.go:134.18,144.17 4 0
github.com/xxrenzhe/autoads/services/billing/internal/handlers/subscription_plans.go:144.17,145.12 1 0
github.com/xxrenzhe/autoads/services/billing/internal/handlers/subscription_plans.go:149.3,154.30 5 0
github.com/xxrenzhe/autoads/services/billing/internal/handlers/subscription_plans.go:157.2,157.19 1 0
github.com/xxrenzhe/autoads/services/billing/internal/handlers/subscription_plans.go:164.65,169.59 3 0
github.com/xxrenzhe/autoads/services/billing/internal/handlers/subscription_plans.go:169.59,175.3 2 0
github.com/xxrenzhe/autoads/services/billing/internal/handlers/subscription_plans.go:177.2,180.74 2 0
github.com/xxrenzhe/autoads/services/billing/internal/handlers/subscription_plans.go:180.74,182.51 2 0
github.com/xxrenzhe/autoads/services/billing/internal/handlers/subscription_plans.go:182.51,189.4 2 0
github.com/xxrenzhe/autoads/services/billing/internal/handlers/subscription_plans.go:193.2,194.26 2 0
github.com/xxrenzhe/autoads/services/billing/internal/handlers/subscription_plans.go:194.26,200.3 2 0
github.com/xxrenzhe/autoads/services/billing/internal/handlers/subscription_plans.go:201.2,201.16 1 0
github.com/xxrenzhe/autoads/services/billing/internal/handlers/subscription_plans.go:201.16,207.3 2 0
github.com/xxrenzhe/autoads/services/billing/internal/handlers/subscription_plans.go:210.2,210.53 1 0
github.com/xxrenzhe/autoads/services/billing/internal/handlers/subscription_plans.go:210.53,212.3 1 0
github.com/xxrenzhe/autoads/services/billing/internal/handlers/subscription_plans.go:214.2,218.4 1 0
github.com/xxrenzhe/autoads/services/billing/internal/handlers/subscription_plans.go:222.106,242.16 5 0
github.com/xxrenzhe/autoads/services/billing/internal/handlers/subscription_plans.go:242.16,244.3 1 0
github.com/xxrenzhe/autoads/services/billing/internal/handlers/subscription_plans.go:247.2,252.19 5 0
github.com/xxrenzhe/autoads/services/billing/internal/handlers/subscription_plans.go:259.62,273.47 4 0
github.com/xxrenzhe/autoads/services/billing/internal/handlers/subscription_plans.go:273.47,279.3 2 0
github.com/xxrenzhe/autoads/services/billing/internal/handlers/subscription_plans.go:282.2,283.16 2 0
github.com/xxrenzhe/autoads/services/billing/internal/handlers/subscription_plans.go:283.16,289.3 2 0
github.com/xxrenzhe/autoads/services/billing/internal/handlers/subscription_plans.go:292.2,293.16 2 0
github.com/xxrenzhe/autoads/services/billing/internal/handlers/subscription_plans.go:293.16,299.3 2 0
github.com/xxrenzhe/autoads/services/billing/internal/handlers/subscription_plans.go:300.2,304.16 3 0
github.com/xxrenzhe/autoads/services/billing/internal/handlers/subscription_plans.go:304.16,310.3 2 0
github.com/xxrenzhe/autoads/services/billing/internal/handlers/subscription_plans.go:313.2,314.16 2 0
github.com/xxrenzhe/autoads/services/billing/internal/handlers/subscription_plans.go:314.16,320.3 2 0
github.com/xxrenzhe/autoads/services/billing/internal/handlers/subscription_plans.go:323.2,323.36 1 0
github.com/xxrenzhe/autoads/services/billing/internal/handlers/subscription_plans.go:323.36,329.3 2 0
github.com/xxrenzhe/autoads/services/billing/internal/handlers/subscription_plans.go:332.2,344.4 3 0
github.com/xxrenzhe/autoads/services/billing/internal/handlers/subscription_plans.go:348.135,382.2 7 0
github.com/xxrenzhe/autoads/services/billing/internal/handlers/subscription_plans.go:385.152,404.2 6 0
github.com/xxrenzhe/autoads/services/billing/internal/handlers/subscription_plans.go:407.85,413.2 2 0
github.com/xxrenzhe/autoads/services/billing/internal/handlers/subscription_plans.go:416.107,428.16 5 0
github.com/xxrenzhe/autoads/services/billing/internal/handlers/subscription_plans.go:428.16,430.3 1 0
github.com/xxrenzhe/autoads/services/billing/internal/handlers/subscription_plans.go:432.2,434.4 1 0
github.com/xxrenzhe/autoads/services/billing/internal/handlers/token_reservation.go:34.73,38.18 3 0
github.com/xxrenzhe/autoads/services/billing/internal/handlers/token_reservation.go:38.18,41.3 2 0
github.com/xxrenzhe/autoads/services/billing/internal/handlers/token_reservation.go:43.2,44.61 2 0
github.com/xxrenzhe/autoads/services/billing/internal/handlers/token_reservation.go:44.61,47.3 2 0
github.com/xxrenzhe/autoads/services/billing/internal/handlers/token_reservation.go:49.2,49.21 1 0
github.com/xxrenzhe/autoads/services/billing/internal/handlers/token_reservation.go:49.21,52.3 2 0
github.com/xxrenzhe/autoads/services/billing/internal/handlers/token_reservation.go:55.2,56.16 2 0
github.com/xxrenzhe/autoads/services/billing/internal/handlers/token_reservation.go:56.16,59.3 2 0
github.com/xxrenzhe/autoads/services/billing/internal/handlers/token_reservation.go:61.2,61.36 1 0
github.com/xxrenzhe/autoads/services/billing/internal/handlers/token_reservation.go:61.36,70.3 2 0
github.com/xxrenzhe/autoads/services/billing/internal/handlers/token_reservation.go:73.2,108.16 9 0
github.com/xxrenzhe/autoads/services/billing/internal/handlers/token_reservation.go:108.16,111.3 2 0
github.com/xxrenzhe/autoads/services/billing/internal/handlers/token_reservation.go:114.2,122.47 2 0
github.com/xxrenzhe/autoads/services/billing/internal/handlers/token_reservation.go:126.78,130.25 3 0
github.com/xxrenzhe/autoads/services/billing/internal/handlers/token_reservation.go:130.25,133.3 2 0
github.com/xxrenzhe/autoads/services/billing/internal/handlers/token_reservation.go:136.2,137.16 2 0
github.com/xxrenzhe/autoads/services/billing/internal/handlers/token_reservation.go:137.16,140.3 2 0
github.com/xxrenzhe/autoads/services/billing/internal/handlers/token_reservation.go:143.2,143.45 1 0
github.com/xxrenzhe/autoads/services/billing/internal/handlers/token_reservation.go:143.45,146.3 2 0
github.com/xxrenzhe/autoads/services/billing/internal/handlers/token_reservation.go:149.2,149.37 1 0
github.com/xxrenzhe/autoads/services/billing/internal/handlers/token_reservation.go:149.37,155.3 2 0
github.com/xxrenzhe/autoads/services/billing/internal/handlers/token_reservation.go:158.2,172.16 7 0
github.com/xxrenzhe/autoads/services/billing/internal/handlers/token_reservation.go:172.16,175.3 2 0
github.com/xxrenzhe/autoads/services/billing/internal/handlers/token_reservation.go:178.2,186.37 2 0
github.com/xxrenzhe/autoads/services/billing/internal/handlers/token_reservation.go:190.78,194.25 3 0
github.com/xxrenzhe/autoads/services/billing/internal/handlers/token_reservation.go:194.25,197.3 2 0
github.com/xxrenzhe/autoads/services/billing/internal/handlers/token_reservation.go:200.2,201.16 2 0
github.com/xxrenzhe/autoads/services/billing/internal/handlers/token_reservation.go:201.16,204.3 2 0
github.com/xxrenzhe/autoads/services/billing/internal/handlers/token_reservation.go:207.2,207.37 1 0
github.com/xxrenzhe/autoads/services/billing/internal/handlers/token_reservation.go:207.37,213.3 2 0
github.com/xxrenzhe/autoads/services/billing/internal/handlers/token_reservation.go:216.2,241.16 6 0
github.com/xxrenzhe/autoads/services/billing/internal/handlers/token_reservation.go:241.16,244.3 2 0
github.com/xxrenzhe/autoads/services/billing/internal/handlers/token_reservation.go:247.2,253.16 3 0
github.com/xxrenzhe/autoads/services/billing/internal/handlers/token_reservation.go:253.16,256.3 1 0
github.com/xxrenzhe/autoads/services/billing/internal/handlers/token_reservation.go:259.2,267.37 2 0
github.com/xxrenzhe/autoads/services/billing/internal/handlers/token_reservation.go:272.79,276.18 3 0
github.com/xxrenzhe/autoads/services/billing/internal/handlers/token_reservation.go:276.18,279.3 2 0
github.com/xxrenzhe/autoads/services/billing/internal/handlers/token_reservation.go:281.2,288.61 2 0
github.com/xxrenzhe/autoads/services/billing/internal/handlers/token_reservation.go:288.61,291.3 2 0
github.com/xxrenzhe/autoads/services/billing/internal/handlers/token_reservation.go:293.2,293.21 1 0
github.com/xxrenzhe/autoads/services/billing/internal/handlers/token_reservation.go:293.21,296.3 2 0
github.com/xxrenzhe/autoads/services/billing/internal/handlers/token_reservation.go:299.2,300.16 2 0
github.com/xxrenzhe/autoads/services/billing/internal/handlers/token_reservation.go:300.16,303.3 2 0
github.com/xxrenzhe/autoads/services/billing/internal/handlers/token_reservation.go:305.2,305.36 1 0
github.com/xxrenzhe/autoads/services/billing/internal/handlers/token_reservation.go:305.36,314.3 2 0
github.com/xxrenzhe/autoads/services/billing/internal/handlers/token_reservation.go:317.2,349.16 8 0
github.com/xxrenzhe/autoads/services/billing/internal/handlers/token_reservation.go:349.16,352.3 2 0
github.com/xxrenzhe/autoads/services/billing/internal/handlers/token_reservation.go:355.2,363.37 2 0
github.com/xxrenzhe/autoads/services/billing/internal/handlers/token_reservation.go:367.104,389.16 7 0
github.com/xxrenzhe/autoads/services/billing/internal/handlers/token_reservation.go:389.16,391.3 1 0
github.com/xxrenzhe/autoads/services/billing/internal/handlers/token_reservation.go:393.2,397.27 3 0
github.com/xxrenzhe/autoads/services/billing/internal/handlers/token_reservation.go:397.27,399.3 1 0
github.com/xxrenzhe/autoads/services/billing/internal/handlers/token_reservation.go:401.2,401.51 1 0
github.com/xxrenzhe/autoads/services/billing/internal/handlers/token_reservation.go:401.51,403.3 1 0
github.com/xxrenzhe/autoads/services/billing/internal/handlers/token_reservation.go:404.2,404.51 1 0
github.com/xxrenzhe/autoads/services/billing/internal/handlers/token_reservation.go:404.51,406.3 1 0
github.com/xxrenzhe/autoads/services/billing/internal/handlers/token_reservation.go:407.2,407.60 1 0
github.com/xxrenzhe/autoads/services/billing/internal/handlers/token_reservation.go:407.60,410.3 2 0
github.com/xxrenzhe/autoads/services/billing/internal/handlers/token_reservation.go:412.2,412.26 1 0
github.com/xxrenzhe/autoads/services/billing/internal/handlers/token_reservation.go:416.97,428.16 4 0
github.com/xxrenzhe/autoads/services/billing/internal/handlers/token_reservation.go:428.16,430.3 1 0
github.com/xxrenzhe/autoads/services/billing/internal/handlers/token_reservation.go:432.2,440.8 3 0
github.com/xxrenzhe/autoads/services/billing/internal/handlers/token_rules_handlers.go:27.77,28.18 1 0
github.com/xxrenzhe/autoads/services/billing/internal/handlers/token_rules_handlers.go:29.22,30.24 1 0
github.com/xxrenzhe/autoads/services/billing/internal/handlers/token_rules_handlers.go:31.23,32.26 1 0
github.com/xxrenzhe/autoads/services/billing/internal/handlers/token_rules_handlers.go:33.10,34.99 1 0
github.com/xxrenzhe/autoads/services/billing/internal/handlers/token_rules_handlers.go:40.73,53.17 6 0
github.com/xxrenzhe/autoads/services/billing/internal/handlers/token_rules_handlers.go:53.17,57.3 3 0
github.com/xxrenzhe/autoads/services/billing/internal/handlers/token_rules_handlers.go:59.2,59.19 1 0
github.com/xxrenzhe/autoads/services/billing/internal/handlers/token_rules_handlers.go:59.19,63.3 3 0
github.com/xxrenzhe/autoads/services/billing/internal/handlers/token_rules_handlers.go:65.2,68.16 3 0
github.com/xxrenzhe/autoads/services/billing/internal/handlers/token_rules_handlers.go:68.16,71.3 2 0
github.com/xxrenzhe/autoads/services/billing/internal/handlers/token_rules_handlers.go:72.2,75.18 3 0
github.com/xxrenzhe/autoads/services/billing/internal/handlers/token_rules_handlers.go:75.18,87.17 3 0
github.com/xxrenzhe/autoads/services/billing/internal/handlers/token_rules_handlers.go:87.17,88.12 1 0
github.com/xxrenzhe/autoads/services/billing/internal/handlers/token_rules_handlers.go:90.3,90.30 1 0
github.com/xxrenzhe/autoads/services/billing/internal/handlers/token_rules_handlers.go:93.2,93.18 1 0
github.com/xxrenzhe/autoads/services/billing/internal/handlers/token_rules_handlers.go:93.18,95.3 1 0
github.com/xxrenzhe/autoads/services/billing/internal/handlers/token_rules_handlers.go:97.2,101.4 2 0
github.com/xxrenzhe/autoads/services/billing/internal/handlers/token_rules_handlers.go:106.75,115.61 2 0
github.com/xxrenzhe/autoads/services/billing/internal/handlers/token_rules_handlers.go:115.61,118.3 2 0
github.com/xxrenzhe/autoads/services/billing/internal/handlers/token_rules_handlers.go:121.2,121.27 1 0
github.com/xxrenzhe/autoads/services/billing/internal/handlers/token_rules_handlers.go:121.27,124.3 2 0
github.com/xxrenzhe/autoads/services/billing/internal/handlers/token_rules_handlers.go:125.2,125.26 1 0
github.com/xxrenzhe/autoads/services/billing/internal/handlers/token_rules_handlers.go:125.26,128.3 2 0
github.com/xxrenzhe/autoads/services/billing/internal/handlers/token_rules_handlers.go:129.2,129.26 1 0
github.com/xxrenzhe/autoads/services/billing/internal/handlers/token_rules_handlers.go:129.26,132.3 2 0
github.com/xxrenzhe/autoads/services/billing/internal/handlers/token_rules_handlers.go:135.2,139.24 4 0
github.com/xxrenzhe/autoads/services/billing/internal/handlers/token_rules_handlers.go:139.24,141.3 1 0
github.com/xxrenzhe/autoads/services/billing/internal/handlers/token_rules_handlers.go:143.2,159.16 3 0
github.com/xxrenzhe/autoads/services/billing/internal/handlers/token_rules_handlers.go:159.16,160.92 1 0
github.com/xxrenzhe/autoads/services/billing/internal/handlers/token_rules_handlers.go:160.92,163.4 2 0
github.com/xxrenzhe/autoads/services/billing/internal/handlers/token_rules_handlers.go:164.3,165.9 2 0
github.com/xxrenzhe/autoads/services/billing/internal/handlers/token_rules_handlers.go:168.2,170.33 3 0
github.com/xxrenzhe/autoads/services/billing/internal/handlers/token_rules_handlers.go:174.74,178.14 3 0
github.com/xxrenzhe/autoads/services/billing/internal/handlers/token_rules_handlers.go:178.14,181.3 2 0
github.com/xxrenzhe/autoads/services/billing/internal/handlers/token_rules_handlers.go:183.2,183.18 1 0
github.com/xxrenzhe/autoads/services/billing/internal/handlers/token_rules_handlers.go:184.22,185.31 1 0
github.com/xxrenzhe/autoads/services/billing/internal/handlers/token_rules_handlers.go:186.22,187.30 1 0
github.com/xxrenzhe/autoads/services/billing/internal/handlers/token_rules_handlers.go:188.25,189.30 1 0
github.com/xxrenzhe/autoads/services/billing/internal/handlers/token_rules_handlers.go:190.10,191.99 1 0
github.com/xxrenzhe/autoads/services/billing/internal/handlers/token_rules_handlers.go:197.87,214.16 3 0
github.com/xxrenzhe/autoads/services/billing/internal/handlers/token_rules_handlers.go:214.16,215.45 1 0
github.com/xxrenzhe/autoads/services/billing/internal/handlers/token_rules_handlers.go:215.45,218.4 2 0
github.com/xxrenzhe/autoads/services/billing/internal/handlers/token_rules_handlers.go:219.3,220.9 2 0
github.com/xxrenzhe/autoads/services/billing/internal/handlers/token_rules_handlers.go:223.2,224.33 2 0
github.com/xxrenzhe/autoads/services/billing/internal/handlers/token_rules_handlers.go:229.86,236.61 2 0
github.com/xxrenzhe/autoads/services/billing/internal/handlers/token_rules_handlers.go:236.61,239.3 2 0
github.com/xxrenzhe/autoads/services/billing/internal/handlers/token_rules_handlers.go:242.2,246.28 4 0
github.com/xxrenzhe/autoads/services/billing/internal/handlers/token_rules_handlers.go:246.28,247.28 1 0
github.com/xxrenzhe/autoads/services/billing/internal/handlers/token_rules_handlers.go:247.28,250.4 2 0
github.com/xxrenzhe/autoads/services/billing/internal/handlers/token_rules_handlers.go:251.3,253.11 3 0
github.com/xxrenzhe/autoads/services/billing/internal/handlers/token_rules_handlers.go:256.2,256.28 1 0
github.com/xxrenzhe/autoads/services/billing/internal/handlers/token_rules_handlers.go:256.28,260.3 3 0
github.com/xxrenzhe/autoads/services/billing/internal/handlers/token_rules_handlers.go:262.2,262.24 1 0
github.com/xxrenzhe/autoads/services/billing/internal/handlers/token_rules_handlers.go:262.24,266.3 3 0
github.com/xxrenzhe/autoads/services/billing/internal/handlers/token_rules_handlers.go:268.2,268.23 1 0
github.com/xxrenzhe/autoads/services/billing/internal/handlers/token_rules_handlers.go:268.23,271.3 2 0
github.com/xxrenzhe/autoads/services/billing/internal/handlers/token_rules_handlers.go:273.2,293.16 5 0
github.com/xxrenzhe/autoads/services/billing/internal/handlers/token_rules_handlers.go:293.16,294.45 1 0
github.com/xxrenzhe/autoads/services/billing/internal/handlers/token_rules_handlers.go:294.45,297.4 2 0
github.com/xxrenzhe/autoads/services/billing/internal/handlers/token_rules_handlers.go:298.3,299.9 2 0
github.com/xxrenzhe/autoads/services/billing/internal/handlers/token_rules_handlers.go:302.2,303.33 2 0
github.com/xxrenzhe/autoads/services/billing/internal/handlers/token_rules_handlers.go:308.86,316.16 2 0
github.com/xxrenzhe/autoads/services/billing/internal/handlers/token_rules_handlers.go:316.16,319.3 2 0
github.com/xxrenzhe/autoads/services/billing/internal/handlers/token_rules_handlers.go:321.2,322.23 2 0
github.com/xxrenzhe/autoads/services/billing/internal/handlers/token_rules_handlers.go:322.23,325.3 2 0
github.com/xxrenzhe/autoads/services/billing/internal/handlers/token_rules_handlers.go:327.2,327.37 1 0
github.com/xxrenzhe/autoads/services/billing/internal/handlers/tokens.go:32.76,36.2 1 0
github.com/xxrenzhe/autoads/services/billing/internal/handlers/tokens.go:39.108,44.2 4 0
github.com/xxrenzhe/autoads/services/billing/internal/handlers/tokens.go:88.76,90.9 2 1
github.com/xxrenzhe/autoads/services/billing/internal/handlers/tokens.go:90.9,94.3 3 1
github.com/xxrenzhe/autoads/services/billing/internal/handlers/tokens.go:96.2,97.16 2 1
github.com/xxrenzhe/autoads/services/billing/internal/handlers/tokens.go:97.16,102.3 4 1
github.com/xxrenzhe/autoads/services/billing/internal/handlers/tokens.go:104.2,119.30 2 1
github.com/xxrenzhe/autoads/services/billing/internal/handlers/tokens.go:119.30,121.3 1 0
github.com/xxrenzhe/autoads/services/billing/internal/handlers/tokens.go:123.2,123.44 1 1
github.com/xxrenzhe/autoads/services/billing/internal/handlers/tokens.go:127.79,128.33 1 1
github.com/xxrenzhe/autoads/services/billing/internal/handlers/tokens.go:128.33,133.3 4 1
github.com/xxrenzhe/autoads/services/billing/internal/handlers/tokens.go:135.2,136.9 2 1
github.com/xxrenzhe/autoads/services/billing/internal/handlers/tokens.go:136.9,140.3 3 1
github.com/xxrenzhe/autoads/services/billing/internal/handlers/tokens.go:142.2,143.61 2 1
github.com/xxrenzhe/autoads/services/billing/internal/handlers/tokens.go:143.61,147.3 3 0
github.com/xxrenzhe/autoads/services/billing/internal/handlers/tokens.go:150.2,150.21 1 1
github.com/xxrenzhe/autoads/services/billing/internal/handlers/tokens.go:150.21,154.3 3 1
github.com/xxrenzhe/autoads/services/billing/internal/handlers/tokens.go:155.2,155.22 1 1
github.com/xxrenzhe/autoads/services/billing/internal/handlers/tokens.go:155.22,159.3 3 1
github.com/xxrenzhe/autoads/services/billing/internal/handlers/tokens.go:162.2,168.16 5 1
github.com/xxrenzhe/autoads/services/billing/internal/handlers/tokens.go:168.16,169.89 1 1
github.com/xxrenzhe/autoads/services/billing/internal/handlers/tokens.go:169.89,175.4 2 1
github.com/xxrenzhe/autoads/services/billing/internal/handlers/tokens.go:176.3,179.9 4 1
github.com/xxrenzhe/autoads/services/billing/internal/handlers/tokens.go:182.2,187.47 2 1
github.com/xxrenzhe/autoads/services/billing/internal/handlers/tokens.go:191.78,192.33 1 1
github.com/xxrenzhe/autoads/services/billing/internal/handlers/tokens.go:192.33,197.3 4 1
github.com/xxrenzhe/autoads/services/billing/internal/handlers/tokens.go:199.2,200.9 2 1
github.com/xxrenzhe/autoads/services/billing/internal/handlers/tokens.go:200.9,204.3 3 1
github.com/xxrenzhe/autoads/services/billing/internal/handlers/tokens.go:206.2,207.61 2 1
github.com/xxrenzhe/autoads/services/billing/internal/handlers/tokens.go:207.61,211.3 3 0
github.com/xxrenzhe/autoads/services/billing/internal/handlers/tokens.go:214.2,214.20 1 1
github.com/xxrenzhe/autoads/services/billing/internal/handlers/tokens.go:214.20,218.3 3 1
github.com/xxrenzhe/autoads/services/billing/internal/handlers/tokens.go:221.2,221.84 1 1
github.com/xxrenzhe/autoads/services/billing/internal/handlers/tokens.go:221.84,226.3 4 1
github.com/xxrenzhe/autoads/services/billing/internal/handlers/tokens.go:229.2,230.16 2 1
github.com/xxrenzhe/autoads/services/billing/internal/handlers/tokens.go:230.16,232.3 1 0
github.com/xxrenzhe/autoads/services/billing/internal/handlers/tokens.go:234.2,241.41 2 1
github.com/xxrenzhe/autoads/services/billing/internal/handlers/tokens.go:245.79,246.33 1 1
github.com/xxrenzhe/autoads/services/billing/internal/handlers/tokens.go:246.33,251.3 4 1
github.com/xxrenzhe/autoads/services/billing/internal/handlers/tokens.go:253.2,254.9 2 1
github.com/xxrenzhe/autoads/services/billing/internal/handlers/tokens.go:254.9,258.3 3 1
github.com/xxrenzhe/autoads/services/billing/internal/handlers/tokens.go:260.2,261.61 2 1
github.com/xxrenzhe/autoads/services/billing/internal/handlers/tokens.go:261.61,265.3 3 0
github.com/xxrenzhe/autoads/services/billing/internal/handlers/tokens.go:268.2,268.20 1 1
github.com/xxrenzhe/autoads/services/billing/internal/handlers/tokens.go:268.20,272.3 3 1
github.com/xxrenzhe/autoads/services/billing/internal/handlers/tokens.go:273.2,273.21 1 1
github.com/xxrenzhe/autoads/services/billing/internal/handlers/tokens.go:273.21,277.3 3 1
github.com/xxrenzhe/autoads/services/billing/internal/handlers/tokens.go:280.2,281.103 2 1
github.com/xxrenzhe/autoads/services/billing/internal/handlers/tokens.go:281.103,286.3 4 1
github.com/xxrenzhe/autoads/services/billing/internal/handlers/tokens.go:288.2,293.41 2 1
